
                            < M A T L A B (R) >
                  Copyright 1984-2018 The MathWorks, Inc.
                   R2018b (9.5.0.944444) 64-bit (glnxa64)
                              August 28, 2018

 
To get started, type doc.
For product information, visit www.mathworks.com.
 
Loading GTEx data.
Loaded 11688 x 55863 count matrix.
Loading initial estimates of factors and loadings.
Loaded 55863 x 20 factors matrix, and 11688 x 20 loadings matrix.
Fitting Poisson topic model using admm.
iter objective (cost fn) max.diff
---- ------------------- --------
   1 -6.387338143308e+12 1.29e-07
   2 -6.388051441095e+12 9.81e+00
   3 -6.388055169420e+12 4.95e+00
   4 -6.388038858442e+12 4.79e+00
   5 -6.388020014562e+12 4.70e+00
   6 -6.387999701588e+12 4.70e+00
   7 -6.387978561420e+12 4.70e+00
   8 -6.387957115585e+12 4.71e+00
   9 -6.387935697792e+12 4.71e+00
  10 -6.387914463902e+12 4.71e+00
  11 -6.387893464884e+12 4.71e+00
  12 -6.387872719461e+12 4.72e+00
  13 -6.387852223450e+12 4.72e+00
  14 -6.387831936859e+12 4.72e+00
  15 -6.387811842083e+12 4.73e+00
  16 -6.387791889537e+12 4.73e+00
  17 -6.387772043055e+12 4.74e+00
  18 -6.387752296561e+12 4.74e+00
  19 -6.387732605451e+12 4.74e+00
  20 -6.387712936928e+12 4.75e+00
  21 -6.387693266486e+12 4.75e+00
  22 -6.387673609777e+12 4.76e+00
  23 -6.387653959327e+12 4.76e+00
  24 -6.387634316402e+12 4.77e+00
  25 -6.387614676746e+12 4.77e+00
  26 -6.387595052779e+12 4.77e+00
  27 -6.387575485485e+12 4.78e+00
  28 -6.387555997462e+12 4.78e+00
  29 -6.387536603975e+12 4.79e+00
  30 -6.387517327263e+12 4.79e+00
  31 -6.387498167261e+12 4.79e+00
  32 -6.387479160839e+12 4.80e+00
  33 -6.387460293486e+12 4.80e+00
  34 -6.387441574217e+12 4.81e+00
  35 -6.387423013498e+12 4.81e+00
  36 -6.387404617781e+12 4.81e+00
  37 -6.387386362637e+12 4.82e+00
  38 -6.387368250410e+12 4.82e+00
  39 -6.387350303567e+12 4.82e+00
  40 -6.387332490975e+12 4.83e+00
  41 -6.387314831732e+12 4.83e+00
  42 -6.387297306341e+12 4.83e+00
  43 -6.387279901068e+12 4.84e+00
  44 -6.387262626122e+12 4.84e+00
  45 -6.387245478279e+12 4.84e+00
  46 -6.387228435937e+12 4.92e+00
  47 -6.387211505928e+12 5.02e+00
  48 -6.387194682627e+12 5.12e+00
  49 -6.387177954893e+12 5.22e+00
  50 -6.387161317827e+12 5.31e+00
  51 -6.387144781542e+12 5.40e+00
  52 -6.387128334061e+12 5.48e+00
  53 -6.387111967924e+12 5.56e+00
  54 -6.387095688391e+12 5.64e+00
  55 -6.387079493817e+12 5.71e+00
  56 -6.387063403494e+12 5.78e+00
  57 -6.387047390140e+12 5.85e+00
  58 -6.387031460350e+12 5.91e+00
  59 -6.387015612518e+12 5.96e+00
  60 -6.386999864571e+12 6.02e+00
  61 -6.386984209181e+12 6.06e+00
  62 -6.386968638572e+12 6.11e+00
  63 -6.386953144463e+12 6.15e+00
  64 -6.386937738035e+12 6.19e+00
  65 -6.386922421159e+12 6.30e+00
  66 -6.386907190042e+12 6.42e+00
  67 -6.386892042352e+12 6.53e+00
  68 -6.386876978229e+12 6.64e+00
  69 -6.386861985953e+12 6.76e+00
  70 -6.386847055088e+12 6.88e+00
  71 -6.386832232197e+12 6.99e+00
  72 -6.386817460171e+12 7.11e+00
  73 -6.386802780737e+12 7.23e+00
  74 -6.386788173854e+12 7.36e+00
  75 -6.386773632388e+12 7.48e+00
  76 -6.386759157069e+12 7.60e+00
  77 -6.386744753950e+12 7.72e+00
  78 -6.386730408182e+12 7.84e+00
  79 -6.386716134513e+12 7.96e+00
  80 -6.386701925139e+12 8.07e+00
  81 -6.386687771614e+12 8.19e+00
  82 -6.386673665588e+12 8.30e+00
  83 -6.386659643390e+12 8.41e+00
  84 -6.386645670971e+12 8.52e+00
  85 -6.386631757545e+12 8.62e+00
  86 -6.386617914324e+12 8.73e+00
  87 -6.386604135099e+12 8.82e+00
  88 -6.386590407642e+12 8.92e+00
  89 -6.386576740644e+12 9.01e+00
  90 -6.386563128483e+12 9.11e+00
  91 -6.386549590269e+12 9.19e+00
  92 -6.386536098923e+12 9.28e+00
  93 -6.386522671845e+12 9.37e+00
  94 -6.386509287945e+12 9.45e+00
  95 -6.386495967817e+12 9.54e+00
  96 -6.386482697645e+12 9.62e+00
  97 -6.386469485577e+12 9.70e+00
  98 -6.386456319586e+12 9.78e+00
  99 -6.386443203016e+12 9.86e+00
 100 -6.386430132144e+12 9.94e+00
 101 -6.386417114695e+12 1.00e+01
 102 -6.386404132548e+12 1.01e+01
 103 -6.386391201959e+12 1.02e+01
 104 -6.386378314223e+12 1.03e+01
 105 -6.386365467489e+12 1.03e+01
 106 -6.386352663302e+12 1.04e+01
 107 -6.386339901126e+12 1.05e+01
 108 -6.386327144008e+12 1.06e+01
 109 -6.386314450444e+12 1.07e+01
 110 -6.386301793818e+12 1.07e+01
 111 -6.386289179564e+12 1.08e+01
 112 -6.386276602716e+12 1.09e+01
 113 -6.386264060796e+12 1.09e+01
 114 -6.386251556744e+12 1.10e+01
 115 -6.386239068860e+12 1.11e+01
 116 -6.386226624636e+12 1.11e+01
 117 -6.386214207268e+12 1.12e+01
 118 -6.386201840600e+12 1.13e+01
 119 -6.386189515119e+12 1.13e+01
 120 -6.386177225695e+12 1.14e+01
 121 -6.386164993028e+12 1.15e+01
 122 -6.386152799354e+12 1.15e+01
 123 -6.386140639996e+12 1.16e+01
 124 -6.386128520018e+12 1.16e+01
 125 -6.386116433964e+12 1.17e+01
 126 -6.386104396233e+12 1.17e+01
 127 -6.386092400622e+12 1.18e+01
 128 -6.386080443521e+12 1.19e+01
 129 -6.386068531038e+12 1.19e+01
 130 -6.386056656658e+12 1.20e+01
 131 -6.386044828004e+12 1.20e+01
 132 -6.386033031857e+12 1.21e+01
 133 -6.386021273369e+12 1.21e+01
 134 -6.386009552720e+12 1.22e+01
 135 -6.385997879303e+12 1.22e+01
 136 -6.385986245771e+12 1.23e+01
 137 -6.385974641156e+12 1.23e+01
 138 -6.385963067657e+12 1.23e+01
 139 -6.385951547505e+12 1.24e+01
 140 -6.385940072597e+12 1.24e+01
 141 -6.385928640396e+12 1.25e+01
 142 -6.385917249840e+12 1.25e+01
 143 -6.385905899595e+12 1.25e+01
 144 -6.385894583310e+12 1.26e+01
 145 -6.385883283217e+12 1.26e+01
 146 -6.385872023065e+12 1.26e+01
 147 -6.385860802960e+12 1.27e+01
 148 -6.385849615352e+12 1.27e+01
 149 -6.385838487906e+12 1.27e+01
 150 -6.385827398490e+12 1.28e+01
 151 -6.385816339778e+12 1.28e+01
 152 -6.385805308694e+12 1.28e+01
 153 -6.385794322733e+12 1.28e+01
 154 -6.385783374513e+12 1.29e+01
 155 -6.385772452889e+12 1.29e+01
 156 -6.385761551252e+12 1.29e+01
 157 -6.385750695855e+12 1.29e+01
 158 -6.385739867312e+12 1.30e+01
 159 -6.385729064539e+12 1.30e+01
 160 -6.385718291566e+12 1.30e+01
 161 -6.385707543668e+12 1.30e+01
 162 -6.385696809902e+12 1.30e+01
 163 -6.385686090416e+12 1.30e+01
 164 -6.385675393218e+12 1.31e+01
 165 -6.385664734837e+12 1.31e+01
 166 -6.385654094735e+12 1.31e+01
 167 -6.385643489071e+12 1.31e+01
 168 -6.385632899778e+12 1.31e+01
 169 -6.385622318957e+12 1.31e+01
 170 -6.385611769320e+12 1.31e+01
 171 -6.385601228352e+12 1.31e+01
 172 -6.385590701812e+12 1.32e+01
 173 -6.385580208991e+12 1.32e+01
 174 -6.385569734041e+12 1.32e+01
 175 -6.385559266234e+12 1.32e+01
 176 -6.385548800699e+12 1.32e+01
 177 -6.385538359884e+12 1.32e+01
 178 -6.385527948212e+12 1.32e+01
 179 -6.385517547602e+12 1.32e+01
 180 -6.385507167268e+12 1.32e+01
 181 -6.385496807477e+12 1.32e+01
 182 -6.385486457814e+12 1.32e+01
 183 -6.385476132925e+12 1.32e+01
 184 -6.385465827499e+12 1.32e+01
 185 -6.385455537435e+12 1.32e+01
 186 -6.385445265280e+12 1.32e+01
 187 -6.385435011233e+12 1.32e+01
 188 -6.385424771653e+12 1.32e+01
 189 -6.385414528088e+12 1.32e+01
 190 -6.385404319896e+12 1.32e+01
 191 -6.385394129753e+12 1.32e+01
 192 -6.385383964358e+12 1.32e+01
 193 -6.385373812197e+12 1.32e+01
 194 -6.385363677969e+12 1.32e+01
 195 -6.385353555854e+12 1.32e+01
 196 -6.385343456966e+12 1.32e+01
 197 -6.385333377403e+12 1.32e+01
 198 -6.385323319264e+12 1.32e+01
 199 -6.385313282166e+12 1.32e+01
 200 -6.385303242426e+12 1.32e+01
 201 -6.385293234783e+12 1.32e+01
 202 -6.385283259011e+12 1.32e+01
 203 -6.385273294125e+12 1.32e+01
 204 -6.385263342738e+12 1.32e+01
 205 -6.385253373988e+12 1.32e+01
 206 -6.385243478382e+12 1.32e+01
 207 -6.385233574318e+12 1.32e+01
 208 -6.385223720141e+12 1.32e+01
 209 -6.385213892017e+12 1.32e+01
 210 -6.385204091059e+12 1.32e+01
 211 -6.385194275801e+12 1.32e+01
 212 -6.385184494746e+12 1.31e+01
 213 -6.385174712116e+12 1.31e+01
 214 -6.385164994080e+12 1.31e+01
 215 -6.385155302224e+12 1.31e+01
 216 -6.385145633364e+12 1.31e+01
 217 -6.385135975303e+12 1.31e+01
 218 -6.385126322898e+12 1.31e+01
 219 -6.385116709056e+12 1.31e+01
 220 -6.385107118373e+12 1.30e+01
 221 -6.385097558398e+12 1.30e+01
 222 -6.385088003687e+12 1.30e+01
 223 -6.385078482438e+12 1.30e+01
 224 -6.385068971999e+12 1.30e+01
 225 -6.385059460576e+12 1.30e+01
 226 -6.385050000440e+12 1.30e+01
 227 -6.385040551676e+12 1.30e+01
 228 -6.385031109163e+12 1.30e+01
 229 -6.385021704795e+12 1.30e+01
 230 -6.385012317440e+12 1.30e+01
 231 -6.385002928132e+12 1.30e+01
 232 -6.384993587296e+12 1.29e+01
 233 -6.384984266251e+12 1.29e+01
 234 -6.384974949190e+12 1.29e+01
 235 -6.384965662362e+12 1.29e+01
 236 -6.384956392420e+12 1.29e+01
 237 -6.384947119391e+12 1.29e+01
 238 -6.384937854256e+12 1.29e+01
 239 -6.384928638804e+12 1.28e+01
 240 -6.384919445609e+12 1.28e+01
 241 -6.384910271324e+12 1.28e+01
 242 -6.384901114228e+12 1.28e+01
 243 -6.384891946975e+12 1.28e+01
 244 -6.384882816635e+12 1.28e+01
 245 -6.384873707507e+12 1.28e+01
 246 -6.384864619165e+12 1.28e+01
 247 -6.384855518644e+12 1.28e+01
 248 -6.384846458917e+12 1.27e+01
 249 -6.384837416945e+12 1.27e+01
 250 -6.384828360036e+12 1.27e+01
 251 -6.384819336619e+12 1.27e+01
 252 -6.384810339706e+12 1.27e+01
 253 -6.384801375077e+12 1.27e+01
 254 -6.384792419321e+12 1.27e+01
 255 -6.384783482299e+12 1.26e+01
 256 -6.384774572339e+12 1.26e+01
 257 -6.384765675906e+12 1.26e+01
 258 -6.384756789317e+12 1.26e+01
 259 -6.384747928008e+12 1.26e+01
 260 -6.384739077377e+12 1.26e+01
 261 -6.384730249963e+12 1.26e+01
 262 -6.384721430683e+12 1.25e+01
 263 -6.384712642276e+12 1.25e+01
 264 -6.384703839950e+12 1.25e+01
 265 -6.384695084766e+12 1.25e+01
 266 -6.384686358331e+12 1.25e+01
 267 -6.384677649646e+12 1.25e+01
 268 -6.384668956919e+12 1.24e+01
 269 -6.384660281109e+12 1.24e+01
 270 -6.384651629059e+12 1.24e+01
 271 -6.384642990058e+12 1.24e+01
 272 -6.384634366939e+12 1.24e+01
 273 -6.384625770999e+12 1.24e+01
 274 -6.384617189081e+12 1.23e+01
 275 -6.384608618445e+12 1.23e+01
 276 -6.384600048053e+12 1.23e+01
 277 -6.384591523222e+12 1.23e+01
 278 -6.384583015937e+12 1.23e+01
 279 -6.384574514779e+12 1.23e+01
 280 -6.384566037500e+12 1.22e+01
 281 -6.384557584611e+12 1.22e+01
 282 -6.384549139954e+12 1.22e+01
 283 -6.384540716123e+12 1.22e+01
 284 -6.384532311261e+12 1.22e+01
 285 -6.384523917609e+12 1.22e+01
 286 -6.384515544606e+12 1.21e+01
 287 -6.384507189216e+12 1.21e+01
 288 -6.384498842709e+12 1.21e+01
 289 -6.384490517659e+12 1.21e+01
 290 -6.384482210814e+12 1.21e+01
 291 -6.384473905617e+12 1.21e+01
 292 -6.384465619285e+12 1.20e+01
 293 -6.384457354112e+12 1.20e+01
 294 -6.384449086013e+12 1.20e+01
 295 -6.384440844656e+12 1.20e+01
 296 -6.384432627469e+12 1.20e+01
 297 -6.384424423486e+12 1.20e+01
 298 -6.384416228591e+12 1.20e+01
 299 -6.384408049303e+12 1.19e+01
 300 -6.384399875808e+12 1.19e+01
 301 -6.384391726962e+12 1.19e+01
 302 -6.384383585989e+12 1.19e+01
 303 -6.384375451299e+12 1.19e+01
 304 -6.384367340686e+12 1.19e+01
 305 -6.384359217239e+12 1.19e+01
 306 -6.384351062724e+12 1.18e+01
 307 -6.384342990666e+12 1.18e+01
 308 -6.384334936022e+12 1.18e+01
 309 -6.384326894047e+12 1.18e+01
 310 -6.384318862774e+12 1.18e+01
 311 -6.384310848020e+12 1.18e+01
 312 -6.384302845479e+12 1.17e+01
 313 -6.384294857672e+12 1.17e+01
 314 -6.384286884256e+12 1.17e+01
 315 -6.384278917984e+12 1.17e+01
 316 -6.384270969036e+12 1.17e+01
 317 -6.384263026435e+12 1.17e+01
 318 -6.384255096304e+12 1.16e+01
 319 -6.384247182541e+12 1.16e+01
 320 -6.384239291632e+12 1.16e+01
 321 -6.384231407094e+12 1.16e+01
 322 -6.384223537087e+12 1.16e+01
 323 -6.384215683215e+12 1.16e+01
 324 -6.384207856771e+12 1.15e+01
 325 -6.384200042981e+12 1.15e+01
 326 -6.384192237002e+12 1.15e+01
 327 -6.384184452933e+12 1.15e+01
 328 -6.384176660615e+12 1.15e+01
 329 -6.384168900583e+12 1.14e+01
 330 -6.384161168203e+12 1.14e+01
 331 -6.384153450830e+12 1.14e+01
 332 -6.384145741321e+12 1.14e+01
 333 -6.384138048058e+12 1.14e+01
 334 -6.384130381413e+12 1.14e+01
 335 -6.384122722904e+12 1.13e+01
 336 -6.384115073831e+12 1.13e+01
 337 -6.384107445022e+12 1.13e+01
 338 -6.384099832343e+12 1.13e+01
 339 -6.384092243693e+12 1.13e+01
 340 -6.384084673074e+12 1.12e+01
 341 -6.384077118546e+12 1.12e+01
 342 -6.384069578141e+12 1.12e+01
 343 -6.384062054040e+12 1.12e+01
 344 -6.384054527797e+12 1.12e+01
 345 -6.384047024428e+12 1.12e+01
 346 -6.384039542905e+12 1.11e+01
 347 -6.384032080983e+12 1.11e+01
 348 -6.384024633408e+12 1.11e+01
 349 -6.384017198508e+12 1.11e+01
 350 -6.384009779516e+12 1.11e+01
 351 -6.384002373324e+12 1.11e+01
 352 -6.383994978358e+12 1.10e+01
 353 -6.383987589505e+12 1.10e+01
 354 -6.383980216063e+12 1.10e+01
 355 -6.383972844017e+12 1.10e+01
 356 -6.383965487906e+12 1.10e+01
 357 -6.383958142590e+12 1.10e+01
 358 -6.383950816418e+12 1.09e+01
 359 -6.383943498024e+12 1.09e+01
 360 -6.383936188241e+12 1.09e+01
 361 -6.383928891363e+12 1.09e+01
 362 -6.383921603806e+12 1.09e+01
 363 -6.383914317324e+12 1.09e+01
 364 -6.383907039746e+12 1.08e+01
 365 -6.383899770456e+12 1.08e+01
 366 -6.383892510935e+12 1.08e+01
 367 -6.383885262816e+12 1.08e+01
 368 -6.383878021615e+12 1.08e+01
 369 -6.383870787478e+12 1.08e+01
 370 -6.383863559243e+12 1.07e+01
 371 -6.383856332331e+12 1.07e+01
 372 -6.383849106298e+12 1.07e+01
 373 -6.383841870992e+12 1.07e+01
 374 -6.383834651217e+12 1.07e+01
 375 -6.383827440607e+12 1.07e+01
 376 -6.383820238406e+12 1.07e+01
 377 -6.383813044784e+12 1.06e+01
 378 -6.383805858249e+12 1.06e+01
 379 -6.383798677104e+12 1.06e+01
 380 -6.383791496417e+12 1.06e+01
 381 -6.383784316045e+12 1.06e+01
 382 -6.383777144343e+12 1.06e+01
 383 -6.383769980085e+12 1.05e+01
 384 -6.383762822981e+12 1.05e+01
 385 -6.383755652863e+12 1.05e+01
 386 -6.383748501246e+12 1.05e+01
 387 -6.383741364467e+12 1.05e+01
 388 -6.383734232687e+12 1.05e+01
 389 -6.383727094829e+12 1.05e+01
 390 -6.383719966765e+12 1.04e+01
 391 -6.383712851479e+12 1.04e+01
 392 -6.383705747290e+12 1.04e+01
 393 -6.383698631318e+12 1.04e+01
 394 -6.383691497151e+12 1.04e+01
 395 -6.383684412288e+12 1.04e+01
 396 -6.383677336427e+12 1.04e+01
 397 -6.383670259983e+12 1.03e+01
 398 -6.383663161057e+12 1.03e+01
 399 -6.383656106816e+12 1.03e+01
 400 -6.383649045843e+12 1.03e+01
 401 -6.383642008658e+12 1.03e+01
 402 -6.383634982148e+12 1.03e+01
 403 -6.383627973117e+12 1.03e+01
 404 -6.383620974224e+12 1.02e+01
 405 -6.383613982548e+12 1.02e+01
 406 -6.383606998822e+12 1.02e+01
 407 -6.383600014893e+12 1.02e+01
 408 -6.383593056218e+12 1.02e+01
 409 -6.383586102968e+12 1.02e+01
 410 -6.383579165204e+12 1.02e+01
 411 -6.383572226806e+12 1.02e+01
 412 -6.383565296137e+12 1.01e+01
 413 -6.383558389532e+12 1.01e+01
 414 -6.383551491201e+12 1.01e+01
 415 -6.383544589616e+12 1.01e+01
 416 -6.383537706013e+12 1.01e+01
 417 -6.383530838840e+12 1.01e+01
 418 -6.383523980313e+12 1.01e+01
 419 -6.383517131380e+12 1.01e+01
 420 -6.383510290479e+12 1.01e+01
 421 -6.383503456285e+12 1.01e+01
 422 -6.383496630722e+12 1.00e+01
 423 -6.383489815826e+12 1.00e+01
 424 -6.383482994419e+12 1.00e+01
 425 -6.383476194303e+12 1.00e+01
 426 -6.383469399417e+12 1.00e+01
 427 -6.383462592690e+12 1.00e+01
 428 -6.383455805444e+12 1.00e+01
 429 -6.383449032410e+12 1.00e+01
 430 -6.383442275162e+12 9.99e+00
 431 -6.383435524922e+12 9.98e+00
 432 -6.383428780742e+12 9.98e+00
 433 -6.383422041774e+12 9.97e+00
 434 -6.383415306297e+12 9.96e+00
 435 -6.383408572726e+12 9.96e+00
 436 -6.383401848250e+12 9.95e+00
 437 -6.383395126067e+12 9.94e+00
 438 -6.383388410390e+12 9.94e+00
 439 -6.383381687004e+12 9.93e+00
 440 -6.383374976257e+12 9.93e+00
 441 -6.383368275835e+12 9.92e+00
 442 -6.383361578132e+12 9.91e+00
 443 -6.383354878480e+12 9.91e+00
 444 -6.383348190195e+12 9.90e+00
 445 -6.383341504024e+12 9.89e+00
 446 -6.383334826190e+12 9.89e+00
 447 -6.383328153398e+12 9.88e+00
 448 -6.383321473236e+12 9.87e+00
 449 -6.383314796324e+12 9.87e+00
 450 -6.383308134708e+12 9.86e+00
 451 -6.383301473996e+12 9.85e+00
 452 -6.383294816437e+12 9.84e+00
 453 -6.383288169352e+12 9.84e+00
 454 -6.383281521234e+12 9.83e+00
 455 -6.383274859563e+12 9.82e+00
 456 -6.383268203547e+12 9.81e+00
 457 -6.383261576907e+12 9.80e+00
 458 -6.383254924204e+12 9.80e+00
 459 -6.383248228720e+12 9.79e+00
 460 -6.383241615252e+12 9.78e+00
 461 -6.383234998298e+12 9.77e+00
 462 -6.383228395341e+12 9.76e+00
 463 -6.383221803633e+12 9.75e+00
 464 -6.383215220231e+12 9.75e+00
 465 -6.383208643635e+12 9.74e+00
 466 -6.383202073195e+12 9.73e+00
 467 -6.383195509345e+12 9.72e+00
 468 -6.383188955126e+12 9.71e+00
 469 -6.383182408247e+12 9.70e+00
 470 -6.383175868638e+12 9.70e+00
 471 -6.383169331712e+12 9.69e+00
 472 -6.383162803712e+12 9.68e+00
 473 -6.383156280994e+12 9.67e+00
 474 -6.383149770419e+12 9.66e+00
 475 -6.383143231967e+12 9.65e+00
 476 -6.383136665504e+12 9.65e+00
 477 -6.383130149691e+12 9.64e+00
 478 -6.383123676362e+12 9.63e+00
 479 -6.383117216566e+12 9.62e+00
 480 -6.383110767479e+12 9.61e+00
 481 -6.383104322191e+12 9.61e+00
 482 -6.383097890568e+12 9.60e+00
 483 -6.383091468401e+12 9.59e+00
 484 -6.383085057466e+12 9.58e+00
 485 -6.383078644849e+12 9.58e+00
 486 -6.383072239216e+12 9.57e+00
 487 -6.383065841152e+12 9.56e+00
 488 -6.383059466519e+12 9.56e+00
 489 -6.383053104688e+12 9.55e+00
 490 -6.383046750406e+12 9.54e+00
 491 -6.383040401565e+12 9.54e+00
 492 -6.383034064351e+12 9.53e+00
 493 -6.383027733452e+12 9.52e+00
 494 -6.383021416815e+12 9.52e+00
 495 -6.383015110426e+12 9.51e+00
 496 -6.383008779161e+12 9.50e+00
 497 -6.383002411576e+12 9.50e+00
 498 -6.382996122063e+12 9.49e+00
 499 -6.382989852478e+12 9.49e+00
 500 -6.382983591929e+12 9.48e+00
 501 -6.382977340120e+12 9.47e+00
 502 -6.382971094607e+12 9.47e+00
 503 -6.382964855477e+12 9.46e+00
 504 -6.382958626887e+12 9.46e+00
 505 -6.382952371143e+12 9.45e+00
 506 -6.382946140050e+12 9.44e+00
 507 -6.382939927377e+12 9.44e+00
 508 -6.382933730652e+12 9.43e+00
 509 -6.382927539383e+12 9.42e+00
 510 -6.382921356526e+12 9.42e+00
 511 -6.382915186927e+12 9.41e+00
 512 -6.382909021976e+12 9.41e+00
 513 -6.382902866306e+12 9.40e+00
 514 -6.382896718495e+12 9.39e+00
 515 -6.382890578999e+12 9.39e+00
 516 -6.382884448964e+12 9.38e+00
 517 -6.382878327456e+12 9.37e+00
 518 -6.382872211944e+12 9.37e+00
 519 -6.382866104857e+12 9.36e+00
 520 -6.382859999498e+12 9.35e+00
 521 -6.382853911792e+12 9.35e+00
 522 -6.382847830566e+12 9.34e+00
 523 -6.382841757215e+12 9.33e+00
 524 -6.382835694596e+12 9.33e+00
 525 -6.382829639013e+12 9.32e+00
 526 -6.382823572297e+12 9.31e+00
 527 -6.382817531241e+12 9.31e+00
 528 -6.382811491613e+12 9.30e+00
 529 -6.382805474559e+12 9.29e+00
 530 -6.382799463095e+12 9.29e+00
 531 -6.382793463352e+12 9.28e+00
 532 -6.382787473496e+12 9.27e+00
 533 -6.382781492777e+12 9.26e+00
 534 -6.382775520968e+12 9.26e+00
 535 -6.382769559188e+12 9.25e+00
 536 -6.382763608453e+12 9.24e+00
 537 -6.382757667491e+12 9.24e+00
 538 -6.382751736096e+12 9.23e+00
 539 -6.382745812397e+12 9.22e+00
 540 -6.382739891415e+12 9.21e+00
 541 -6.382733984960e+12 9.21e+00
 542 -6.382728091084e+12 9.20e+00
 543 -6.382722208447e+12 9.19e+00
 544 -6.382716335652e+12 9.18e+00
 545 -6.382710472477e+12 9.18e+00
 546 -6.382704617172e+12 9.17e+00
 547 -6.382698763560e+12 9.16e+00
 548 -6.382692928835e+12 9.16e+00
 549 -6.382687105696e+12 9.15e+00
 550 -6.382681288413e+12 9.14e+00
 551 -6.382675477352e+12 9.13e+00
 552 -6.382669649268e+12 9.13e+00
 553 -6.382663859163e+12 9.12e+00
 554 -6.382658081652e+12 9.11e+00
 555 -6.382652310176e+12 9.11e+00
 556 -6.382646550611e+12 9.10e+00
 557 -6.382640799312e+12 9.09e+00
 558 -6.382635056647e+12 9.09e+00
 559 -6.382629318853e+12 9.08e+00
 560 -6.382623588155e+12 9.07e+00
 561 -6.382617865914e+12 9.07e+00
 562 -6.382612153094e+12 9.06e+00
 563 -6.382606448693e+12 9.05e+00
 564 -6.382600751429e+12 9.05e+00
 565 -6.382595062661e+12 9.04e+00
 566 -6.382589357985e+12 9.03e+00
 567 -6.382583682415e+12 9.03e+00
 568 -6.382578014538e+12 9.02e+00
 569 -6.382572347086e+12 9.02e+00
 570 -6.382566685945e+12 9.01e+00
 571 -6.382561002025e+12 9.00e+00
 572 -6.382555340317e+12 9.00e+00
 573 -6.382549704375e+12 8.99e+00
 574 -6.382544074371e+12 8.99e+00
 575 -6.382538449825e+12 8.98e+00
 576 -6.382532829294e+12 8.97e+00
 577 -6.382527202594e+12 8.97e+00
 578 -6.382521587474e+12 8.96e+00
 579 -6.382515981786e+12 8.96e+00
 580 -6.382510382892e+12 8.95e+00
 581 -6.382504790298e+12 8.94e+00
 582 -6.382499198407e+12 8.94e+00
 583 -6.382493617187e+12 8.93e+00
 584 -6.382488040880e+12 8.93e+00
 585 -6.382482469547e+12 8.92e+00
 586 -6.382476898893e+12 8.91e+00
 587 -6.382471327714e+12 8.91e+00
 588 -6.382465760328e+12 8.90e+00
 589 -6.382460208024e+12 8.90e+00
 590 -6.382454661356e+12 8.89e+00
 591 -6.382449119175e+12 8.88e+00
 592 -6.382443577356e+12 8.88e+00
 593 -6.382438042769e+12 8.87e+00
 594 -6.382432515504e+12 8.87e+00
 595 -6.382426992395e+12 8.86e+00
 596 -6.382421472104e+12 8.85e+00
 597 -6.382415958880e+12 8.85e+00
 598 -6.382410450310e+12 8.84e+00
 599 -6.382404942878e+12 8.83e+00
 600 -6.382399442262e+12 8.83e+00
 601 -6.382393948422e+12 8.82e+00
 602 -6.382388430535e+12 8.81e+00
 603 -6.382382905999e+12 8.81e+00
 604 -6.382377405158e+12 8.80e+00
 605 -6.382371912987e+12 8.78e+00
 606 -6.382366441919e+12 8.76e+00
 607 -6.382360969166e+12 8.74e+00
 608 -6.382355507592e+12 8.71e+00
 609 -6.382350050606e+12 8.69e+00
 610 -6.382344591506e+12 8.66e+00
 611 -6.382339132920e+12 8.63e+00
 612 -6.382333667140e+12 8.61e+00
 613 -6.382328226660e+12 8.59e+00
 614 -6.382322790028e+12 8.57e+00
 615 -6.382317357658e+12 8.55e+00
 616 -6.382311930058e+12 8.53e+00
 617 -6.382306504847e+12 8.52e+00
 618 -6.382301068361e+12 8.52e+00
 619 -6.382295647444e+12 8.51e+00
 620 -6.382290231278e+12 8.51e+00
 621 -6.382284821680e+12 8.51e+00
 622 -6.382279416955e+12 8.51e+00
 623 -6.382274015336e+12 8.51e+00
 624 -6.382268616796e+12 8.51e+00
 625 -6.382263221488e+12 8.52e+00
 626 -6.382257827252e+12 8.52e+00
 627 -6.382252437071e+12 8.52e+00
 628 -6.382247045067e+12 8.52e+00
 629 -6.382241642347e+12 8.52e+00
 630 -6.382236257121e+12 8.52e+00
 631 -6.382230876944e+12 8.51e+00
 632 -6.382225471080e+12 8.51e+00
 633 -6.382220030979e+12 8.50e+00
 634 -6.382214657469e+12 8.49e+00
 635 -6.382209261657e+12 8.48e+00
 636 -6.382203875518e+12 8.47e+00
 637 -6.382198500358e+12 8.45e+00
 638 -6.382193133481e+12 8.43e+00
 639 -6.382187761634e+12 8.42e+00
 640 -6.382182387269e+12 8.40e+00
 641 -6.382177020073e+12 8.38e+00
 642 -6.382171660162e+12 8.36e+00
 643 -6.382166292798e+12 8.35e+00
 644 -6.382160887593e+12 8.33e+00
 645 -6.382155528646e+12 8.32e+00
 646 -6.382150172949e+12 8.30e+00
 647 -6.382144819734e+12 8.29e+00
 648 -6.382139467259e+12 8.28e+00
 649 -6.382134113811e+12 8.27e+00
 650 -6.382128760457e+12 8.26e+00
 651 -6.382123412239e+12 8.26e+00
 652 -6.382118063688e+12 8.25e+00
 653 -6.382112715078e+12 8.25e+00
 654 -6.382107369145e+12 8.24e+00
 655 -6.382102027490e+12 8.24e+00
 656 -6.382096682857e+12 8.24e+00
 657 -6.382091342582e+12 8.24e+00
 658 -6.382086006957e+12 8.23e+00
 659 -6.382080666983e+12 8.23e+00
 660 -6.382075310812e+12 8.22e+00
 661 -6.382069980465e+12 8.22e+00
 662 -6.382064648526e+12 8.21e+00
 663 -6.382059319264e+12 8.20e+00
 664 -6.382053994357e+12 8.19e+00
 665 -6.382048665587e+12 8.18e+00
 666 -6.382043336784e+12 8.17e+00
 667 -6.382038018707e+12 8.16e+00
 668 -6.382032706935e+12 8.14e+00
 669 -6.382027397391e+12 8.13e+00
 670 -6.382022089574e+12 8.12e+00
 671 -6.382016785618e+12 8.10e+00
 672 -6.382011481147e+12 8.09e+00
 673 -6.382006184111e+12 8.08e+00
 674 -6.382000890314e+12 8.06e+00
 675 -6.381995599425e+12 8.05e+00
 676 -6.381990311897e+12 8.04e+00
 677 -6.381985025788e+12 8.03e+00
 678 -6.381979738905e+12 8.02e+00
 679 -6.381974455607e+12 8.01e+00
 680 -6.381969174640e+12 8.00e+00
 681 -6.381963898731e+12 7.99e+00
 682 -6.381958629015e+12 7.98e+00
 683 -6.381953364828e+12 7.98e+00
 684 -6.381948103748e+12 7.97e+00
 685 -6.381942846030e+12 7.97e+00
 686 -6.381937591625e+12 7.96e+00
 687 -6.381932340782e+12 7.95e+00
 688 -6.381927093267e+12 7.95e+00
 689 -6.381921848636e+12 7.94e+00
 690 -6.381916602766e+12 7.93e+00
 691 -6.381911364532e+12 7.92e+00
 692 -6.381906131089e+12 7.92e+00
 693 -6.381900899213e+12 7.91e+00
 694 -6.381895669906e+12 7.90e+00
 695 -6.381890446462e+12 7.89e+00
 696 -6.381885225280e+12 7.88e+00
 697 -6.381880009250e+12 7.87e+00
 698 -6.381874790474e+12 7.86e+00
 699 -6.381869567524e+12 7.85e+00
 700 -6.381864356054e+12 7.83e+00
 701 -6.381859141478e+12 7.82e+00
 702 -6.381853933281e+12 7.81e+00
 703 -6.381848724232e+12 7.80e+00
 704 -6.381843527891e+12 7.79e+00
 705 -6.381838320356e+12 7.79e+00
 706 -6.381833134873e+12 7.80e+00
 707 -6.381827953077e+12 7.81e+00
 708 -6.381822773671e+12 7.83e+00
 709 -6.381817598426e+12 7.84e+00
 710 -6.381812424261e+12 7.85e+00
 711 -6.381807253169e+12 7.86e+00
 712 -6.381802066148e+12 7.87e+00
 713 -6.381796896248e+12 7.88e+00
 714 -6.381791740335e+12 7.89e+00
 715 -6.381786588371e+12 7.89e+00
 716 -6.381781437763e+12 7.90e+00
 717 -6.381776290371e+12 7.91e+00
 718 -6.381771150019e+12 7.91e+00
 719 -6.381766013238e+12 7.92e+00
 720 -6.381760868680e+12 7.92e+00
 721 -6.381755729410e+12 7.93e+00
 722 -6.381750535835e+12 7.93e+00
 723 -6.381745411896e+12 7.94e+00
 724 -6.381740294500e+12 7.94e+00
 725 -6.381735172239e+12 7.94e+00
 726 -6.381730056323e+12 7.95e+00
 727 -6.381724949564e+12 7.95e+00
 728 -6.381719853383e+12 7.95e+00
 729 -6.381714768847e+12 7.96e+00
 730 -6.381709688731e+12 7.96e+00
 731 -6.381704608788e+12 7.96e+00
 732 -6.381699541050e+12 7.96e+00
 733 -6.381694479534e+12 7.97e+00
 734 -6.381689424774e+12 7.97e+00
 735 -6.381684376392e+12 7.97e+00
 736 -6.381679334348e+12 7.97e+00
 737 -6.381674297284e+12 7.98e+00
 738 -6.381669268009e+12 7.98e+00
 739 -6.381664227497e+12 7.98e+00
 740 -6.381659198061e+12 7.99e+00
 741 -6.381654189471e+12 7.99e+00
 742 -6.381649187748e+12 7.99e+00
 743 -6.381644189905e+12 8.00e+00
 744 -6.381639202907e+12 8.00e+00
 745 -6.381634217849e+12 8.01e+00
 746 -6.381629245940e+12 8.01e+00
 747 -6.381624272336e+12 8.02e+00
 748 -6.381619310062e+12 8.02e+00
 749 -6.381614361950e+12 8.03e+00
 750 -6.381609417139e+12 8.03e+00
 751 -6.381604478281e+12 8.04e+00
 752 -6.381599552988e+12 8.05e+00
 753 -6.381594634406e+12 8.05e+00
 754 -6.381589718038e+12 8.06e+00
 755 -6.381584811214e+12 8.07e+00
 756 -6.381579915052e+12 8.08e+00
 757 -6.381575026926e+12 8.08e+00
 758 -6.381570130233e+12 8.09e+00
 759 -6.381565255439e+12 8.10e+00
 760 -6.381560389678e+12 8.11e+00
 761 -6.381555531095e+12 8.12e+00
 762 -6.381550671850e+12 8.13e+00
 763 -6.381545805613e+12 8.13e+00
 764 -6.381540834355e+12 8.14e+00
 765 -6.381536003582e+12 8.15e+00
 766 -6.381531179801e+12 8.16e+00
 767 -6.381526357743e+12 8.17e+00
 768 -6.381521538052e+12 8.18e+00
 769 -6.381516733133e+12 8.19e+00
 770 -6.381511935960e+12 8.19e+00
 771 -6.381507115834e+12 8.20e+00
 772 -6.381502321200e+12 8.21e+00
 773 -6.381497538673e+12 8.22e+00
 774 -6.381492767771e+12 8.23e+00
 775 -6.381488002672e+12 8.24e+00
 776 -6.381483241427e+12 8.24e+00
 777 -6.381478488042e+12 8.25e+00
 778 -6.381473737322e+12 8.26e+00
 779 -6.381468996814e+12 8.26e+00
 780 -6.381464256231e+12 8.27e+00
 781 -6.381459520921e+12 8.27e+00
 782 -6.381454793766e+12 8.28e+00
 783 -6.381450069010e+12 8.28e+00
 784 -6.381445333047e+12 8.29e+00
 785 -6.381440621737e+12 8.29e+00
 786 -6.381435920417e+12 8.29e+00
 787 -6.381431219894e+12 8.30e+00
 788 -6.381426526768e+12 8.30e+00
 789 -6.381421731669e+12 8.30e+00
 790 -6.381417030137e+12 8.30e+00
 791 -6.381412354113e+12 8.30e+00
 792 -6.381407679608e+12 8.30e+00
 793 -6.381403007086e+12 8.30e+00
 794 -6.381398345135e+12 8.30e+00
 795 -6.381393690920e+12 8.30e+00
 796 -6.381389035045e+12 8.30e+00
 797 -6.381384385975e+12 8.29e+00
 798 -6.381379744868e+12 8.29e+00
 799 -6.381375110389e+12 8.29e+00
 800 -6.381370480736e+12 8.28e+00
 801 -6.381365856059e+12 8.28e+00
 802 -6.381361237320e+12 8.27e+00
 803 -6.381356622964e+12 8.26e+00
 804 -6.381352009769e+12 8.26e+00
 805 -6.381347396812e+12 8.25e+00
 806 -6.381342797266e+12 8.24e+00
 807 -6.381338196288e+12 8.23e+00
 808 -6.381333595803e+12 8.23e+00
 809 -6.381329000791e+12 8.22e+00
 810 -6.381324419962e+12 8.21e+00
 811 -6.381319841923e+12 8.20e+00
 812 -6.381315251073e+12 8.19e+00
 813 -6.381310665480e+12 8.18e+00
 814 -6.381306099296e+12 8.17e+00
 815 -6.381301539825e+12 8.16e+00
 816 -6.381296972880e+12 8.15e+00
 817 -6.381292421911e+12 8.14e+00
 818 -6.381287877470e+12 8.13e+00
 819 -6.381283336808e+12 8.12e+00
 820 -6.381278801114e+12 8.11e+00
 821 -6.381274268601e+12 8.10e+00
 822 -6.381269736158e+12 8.09e+00
 823 -6.381265212851e+12 8.07e+00
 824 -6.381260692832e+12 8.06e+00
 825 -6.381256176598e+12 8.05e+00
 826 -6.381251663911e+12 8.04e+00
 827 -6.381247153362e+12 8.03e+00
 828 -6.381242644364e+12 8.02e+00
 829 -6.381238141768e+12 8.01e+00
 830 -6.381233643771e+12 8.00e+00
 831 -6.381229147731e+12 7.99e+00
 832 -6.381224654567e+12 7.98e+00
 833 -6.381220163780e+12 7.97e+00
 834 -6.381215668244e+12 7.97e+00
 835 -6.381211183292e+12 7.96e+00
 836 -6.381206703087e+12 7.95e+00
 837 -6.381202225356e+12 7.94e+00
 838 -6.381197750203e+12 7.93e+00
 839 -6.381193277297e+12 7.92e+00
 840 -6.381188807773e+12 7.92e+00
 841 -6.381184340331e+12 7.91e+00
 842 -6.381179872749e+12 7.90e+00
 843 -6.381175404689e+12 7.89e+00
 844 -6.381170942777e+12 7.89e+00
 845 -6.381166478802e+12 7.88e+00
 846 -6.381162020212e+12 7.87e+00
 847 -6.381157564412e+12 7.87e+00
 848 -6.381153109802e+12 7.86e+00
 849 -6.381148650770e+12 7.85e+00
 850 -6.381144189052e+12 7.85e+00
 851 -6.381139739268e+12 7.84e+00
 852 -6.381135282478e+12 7.84e+00
 853 -6.381130827046e+12 7.83e+00
 854 -6.381126379336e+12 7.82e+00
 855 -6.381121922637e+12 7.82e+00
 856 -6.381117476726e+12 7.81e+00
 857 -6.381113033213e+12 7.81e+00
 858 -6.381108584258e+12 7.80e+00
 859 -6.381104143966e+12 7.80e+00
 860 -6.381099703256e+12 7.79e+00
 861 -6.381095263681e+12 7.78e+00
 862 -6.381090824787e+12 7.78e+00
 863 -6.381086387308e+12 7.77e+00
 864 -6.381081948798e+12 7.76e+00
 865 -6.381077512085e+12 7.76e+00
 866 -6.381073076592e+12 7.75e+00
 867 -6.381068641610e+12 7.74e+00
 868 -6.381064207280e+12 7.74e+00
 869 -6.381059772376e+12 7.73e+00
 870 -6.381055338216e+12 7.72e+00
 871 -6.381050903512e+12 7.71e+00
 872 -6.381046463829e+12 7.70e+00
 873 -6.381042024999e+12 7.69e+00
 874 -6.381037590485e+12 7.68e+00
 875 -6.381033155356e+12 7.67e+00
 876 -6.381028717974e+12 7.66e+00
 877 -6.381024247960e+12 7.65e+00
 878 -6.381019808397e+12 7.64e+00
 879 -6.381015374977e+12 7.63e+00
 880 -6.381010912984e+12 7.62e+00
 881 -6.381006451521e+12 7.61e+00
 882 -6.381002013480e+12 7.59e+00
 883 -6.380997578453e+12 7.58e+00
 884 -6.380993144346e+12 7.57e+00
 885 -6.380988709877e+12 7.55e+00
 886 -6.380984267093e+12 7.54e+00
 887 -6.380979832023e+12 7.52e+00
 888 -6.380975397858e+12 7.51e+00
 889 -6.380970924722e+12 7.49e+00
 890 -6.380966487994e+12 7.48e+00
 891 -6.380962050290e+12 7.46e+00
 892 -6.380957614879e+12 7.45e+00
 893 -6.380953179123e+12 7.43e+00
 894 -6.380948743675e+12 7.41e+00
 895 -6.380944307546e+12 7.40e+00
 896 -6.380939869409e+12 7.38e+00
 897 -6.380935415149e+12 7.36e+00
 898 -6.380930972565e+12 7.35e+00
 899 -6.380926535527e+12 7.33e+00
 900 -6.380922089374e+12 7.31e+00
 901 -6.380917640339e+12 7.29e+00
 902 -6.380913198070e+12 7.27e+00
 903 -6.380908744823e+12 7.26e+00
 904 -6.380904299963e+12 7.24e+00
 905 -6.380899856215e+12 7.22e+00
 906 -6.380895401937e+12 7.20e+00
 907 -6.380890942353e+12 7.18e+00
 908 -6.380886505388e+12 7.17e+00
 909 -6.380882068545e+12 7.15e+00
 910 -6.380877631234e+12 7.13e+00
 911 -6.380873192505e+12 7.11e+00
 912 -6.380868751929e+12 7.09e+00
 913 -6.380864311697e+12 7.08e+00
 914 -6.380859872755e+12 7.06e+00
 915 -6.380855438942e+12 7.06e+00
 916 -6.380851000766e+12 7.06e+00
 917 -6.380846540119e+12 7.06e+00
 918 -6.380842106303e+12 7.05e+00
 919 -6.380837667779e+12 7.05e+00
 920 -6.380833236106e+12 7.05e+00
 921 -6.380828807428e+12 7.05e+00
 922 -6.380824366850e+12 7.04e+00
 923 -6.380819935937e+12 7.04e+00
 924 -6.380815510592e+12 7.04e+00
 925 -6.380811086530e+12 7.03e+00
 926 -6.380806651105e+12 7.03e+00
 927 -6.380802143434e+12 7.03e+00
 928 -6.380797723275e+12 7.02e+00
 929 -6.380793303689e+12 7.02e+00
 930 -6.380788887229e+12 7.02e+00
 931 -6.380784473042e+12 7.01e+00
 932 -6.380780057605e+12 7.01e+00
 933 -6.380775645428e+12 7.00e+00
 934 -6.380771236927e+12 7.00e+00
 935 -6.380766826857e+12 7.00e+00
 936 -6.380762412734e+12 6.99e+00
 937 -6.380757946333e+12 6.99e+00
 938 -6.380753545238e+12 6.98e+00
 939 -6.380749143623e+12 6.98e+00
 940 -6.380744745740e+12 6.97e+00
 941 -6.380740351768e+12 6.97e+00
 942 -6.380735962413e+12 6.96e+00
 943 -6.380731575676e+12 6.96e+00
 944 -6.380727191748e+12 6.95e+00
 945 -6.380722810399e+12 6.94e+00
 946 -6.380718418195e+12 6.94e+00
 947 -6.380714042464e+12 6.93e+00
 948 -6.380709669827e+12 6.93e+00
 949 -6.380705295090e+12 6.92e+00
 950 -6.380700916161e+12 6.92e+00
 951 -6.380696541053e+12 6.91e+00
 952 -6.380692180182e+12 6.90e+00
 953 -6.380687822631e+12 6.90e+00
 954 -6.380683468001e+12 6.89e+00
 955 -6.380679115817e+12 6.88e+00
 956 -6.380674767184e+12 6.88e+00
 957 -6.380670416165e+12 6.87e+00
 958 -6.380666073463e+12 6.86e+00
 959 -6.380661734413e+12 6.86e+00
 960 -6.380657399063e+12 6.85e+00
 961 -6.380653060698e+12 6.85e+00
 962 -6.380648729390e+12 6.84e+00
 963 -6.380644399447e+12 6.84e+00
 964 -6.380640048617e+12 6.84e+00
 965 -6.380635730602e+12 6.84e+00
 966 -6.380631415409e+12 6.85e+00
 967 -6.380627103746e+12 6.85e+00
 968 -6.380622786309e+12 6.86e+00
 969 -6.380618474310e+12 6.86e+00
 970 -6.380614152188e+12 6.87e+00
 971 -6.380609838708e+12 6.87e+00
 972 -6.380605523694e+12 6.88e+00
 973 -6.380601234224e+12 6.88e+00
 974 -6.380596948560e+12 6.89e+00
 975 -6.380592664853e+12 6.89e+00
 976 -6.380588387268e+12 6.90e+00
 977 -6.380584113440e+12 6.90e+00
 978 -6.380579843422e+12 6.91e+00
 979 -6.380575572087e+12 6.91e+00
 980 -6.380571278557e+12 6.92e+00
 981 -6.380567020026e+12 6.92e+00
 982 -6.380562765489e+12 6.93e+00
 983 -6.380558515447e+12 6.94e+00
 984 -6.380554268361e+12 6.94e+00
 985 -6.380550026681e+12 6.95e+00
 986 -6.380545783052e+12 6.95e+00
 987 -6.380541544094e+12 6.96e+00
 988 -6.380537314106e+12 6.96e+00
 989 -6.380533086653e+12 6.97e+00
 990 -6.380528865002e+12 6.97e+00
 991 -6.380524646898e+12 6.98e+00
 992 -6.380520436156e+12 6.98e+00
 993 -6.380516229104e+12 6.99e+00
 994 -6.380512027089e+12 6.99e+00
 995 -6.380507812389e+12 7.00e+00
 996 -6.380503611879e+12 7.00e+00
 997 -6.380499422823e+12 7.01e+00
 998 -6.380495237592e+12 7.01e+00
 999 -6.380491058471e+12 7.02e+00
1000 -6.380486884178e+12 7.02e+00
Computation took 6999.56 seconds.
Multinomial likelihood at nnmf solution: -5551249072226.076171875000
Writing results to file.
-----------------------------------------------------------------------------------------------------
MATLAB Version: 9.5.0.944444 (R2018b)
MATLAB License Number: 719588
Operating System: Linux 3.10.0-862.14.4.el7.x86_64 #1 SMP Tue Sep 25 14:32:52 CDT 2018 x86_64
Java Version: Java 1.8.0_152-b16 with Oracle Corporation Java HotSpot(TM) 64-Bit Server VM mixed mode
-----------------------------------------------------------------------------------------------------
MATLAB                                                Version 9.5         (R2018b)
Simulink                                              Version 9.2         (R2018b)
Bioinformatics Toolbox                                Version 4.11        (R2018b)
Communications Toolbox                                Version 7.0         (R2018b)
Computer Vision System Toolbox                        Version 8.2         (R2018b)
Control System Toolbox                                Version 10.5        (R2018b)
Curve Fitting Toolbox                                 Version 3.5.8       (R2018b)
DSP System Toolbox                                    Version 9.7         (R2018b)
Database Toolbox                                      Version 9.0         (R2018b)
Datafeed Toolbox                                      Version 5.8         (R2018b)
Deep Learning Toolbox                                 Version 12.0        (R2018b)
Econometrics Toolbox                                  Version 5.1         (R2018b)
Financial Instruments Toolbox                         Version 2.8         (R2018b)
Financial Toolbox                                     Version 5.12        (R2018b)
Fixed-Point Designer                                  Version 6.2         (R2018b)
Fuzzy Logic Toolbox                                   Version 2.4         (R2018b)
Global Optimization Toolbox                           Version 4.0         (R2018b)
HDL Verifier                                          Version 5.5         (R2018b)
Image Acquisition Toolbox                             Version 5.5         (R2018b)
Image Processing Toolbox                              Version 10.3        (R2018b)
Instrument Control Toolbox                            Version 3.14        (R2018b)
MATLAB Coder                                          Version 4.1         (R2018b)
MATLAB Compiler                                       Version 7.0         (R2018b)
MATLAB Compiler SDK                                   Version 6.6         (R2018b)
MATLAB Report Generator                               Version 5.5         (R2018b)
Mapping Toolbox                                       Version 4.7         (R2018b)
Model Predictive Control Toolbox                      Version 6.2         (R2018b)
Optimization Toolbox                                  Version 8.2         (R2018b)
Parallel Computing Toolbox                            Version 6.13        (R2018b)
Partial Differential Equation Toolbox                 Version 3.1         (R2018b)
RF Blockset                                           Version 7.1         (R2018b)
RF Toolbox                                            Version 3.5         (R2018b)
Robust Control Toolbox                                Version 6.5         (R2018b)
Signal Processing Toolbox                             Version 8.1         (R2018b)
SimBiology                                            Version 5.8.1       (R2018b)
Simscape                                              Version 4.5         (R2018b)
Simscape Multibody                                    Version 6.0         (R2018b)
Simulink Check                                        Version 4.2         (R2018b)
Simulink Coder                                        Version 9.0         (R2018b)
Simulink Control Design                               Version 5.2         (R2018b)
Simulink Coverage                                     Version 4.2         (R2018b)
Simulink Design Optimization                          Version 3.5         (R2018b)
Simulink Design Verifier                              Version 4.0         (R2018b)
Simulink Requirements                                 Version 1.2         (R2018b)
Stateflow                                             Version 9.2         (R2018b)
Statistics and Machine Learning Toolbox               Version 11.4        (R2018b)
Symbolic Math Toolbox                                 Version 8.2         (R2018b)
System Identification Toolbox                         Version 9.9         (R2018b)
Trading Toolbox                                       Version 3.5         (R2018b)
Wavelet Toolbox                                       Version 5.1         (R2018b)
