
                            < M A T L A B (R) >
                  Copyright 1984-2018 The MathWorks, Inc.
                   R2018b (9.5.0.944444) 64-bit (glnxa64)
                              August 28, 2018

 
To get started, type doc.
For product information, visit www.mathworks.com.
 
Loading GTEx data.
Loaded 11688 x 55863 count matrix.
Loading initial estimates of factors and loadings.
Loaded 55863 x 20 factors matrix, and 11688 x 20 loadings matrix.
Fitting Poisson topic model using betanmf.
iter objective (cost fn) max.diff
---- ------------------- --------
   1 -6.068941569797e+12 3.55e+21
   2 -6.202670532762e+12 6.18e+20
   3 -6.264048513559e+12 5.43e+20
   4 -6.300445525275e+12 4.52e+20
   5 -6.323479645942e+12 3.22e+20
   6 -6.339261970143e+12 2.24e+20
   7 -6.351102261205e+12 1.77e+20
   8 -6.360415236780e+12 1.43e+20
   9 -6.367289617981e+12 1.17e+20
  10 -6.372356923815e+12 9.64e+19
  11 -6.376314631805e+12 8.06e+19
  12 -6.379516344808e+12 6.81e+19
  13 -6.382181311016e+12 5.81e+19
  14 -6.384458075660e+12 5.01e+19
  15 -6.386441578226e+12 4.53e+19
  16 -6.388193876155e+12 4.27e+19
  17 -6.389760137084e+12 4.08e+19
  18 -6.391173807195e+12 3.93e+19
  19 -6.392460409501e+12 3.81e+19
  20 -6.393639537604e+12 3.70e+19
  21 -6.394726131816e+12 3.59e+19
  22 -6.395731596980e+12 3.48e+19
  23 -6.396665219210e+12 3.34e+19
  24 -6.397534076351e+12 3.18e+19
  25 -6.398343579055e+12 2.99e+19
  26 -6.399098429641e+12 2.78e+19
  27 -6.399802421744e+12 2.56e+19
  28 -6.400459065443e+12 2.32e+19
  29 -6.401071611108e+12 2.09e+19
  30 -6.401643450102e+12 1.85e+19
  31 -6.402177765501e+12 1.64e+19
  32 -6.402676478881e+12 1.43e+19
  33 -6.403140937006e+12 1.25e+19
  34 -6.403573128519e+12 1.09e+19
  35 -6.403975854394e+12 9.46e+18
  36 -6.404351933885e+12 8.22e+18
  37 -6.404704098313e+12 7.70e+18
  38 -6.405034869708e+12 7.34e+18
  39 -6.405346206768e+12 7.00e+18
  40 -6.405639051166e+12 6.69e+18
  41 -6.405914242972e+12 6.40e+18
  42 -6.406173437000e+12 6.13e+18
  43 -6.406418112992e+12 5.88e+18
  44 -6.406649270402e+12 5.64e+18
  45 -6.406868045641e+12 5.42e+18
  46 -6.407075650234e+12 5.21e+18
  47 -6.407273194707e+12 5.02e+18
  48 -6.407461483345e+12 4.83e+18
  49 -6.407641648907e+12 4.66e+18
  50 -6.407813901997e+12 4.49e+18
  51 -6.407977368926e+12 4.34e+18
  52 -6.408133457244e+12 4.19e+18
  53 -6.408282764570e+12 4.05e+18
  54 -6.408425694839e+12 3.92e+18
  55 -6.408562606053e+12 3.79e+18
  56 -6.408694013917e+12 3.67e+18
  57 -6.408820351799e+12 3.55e+18
  58 -6.408942045799e+12 3.44e+18
  59 -6.409059797258e+12 3.34e+18
  60 -6.409174953244e+12 3.24e+18
  61 -6.409289432200e+12 3.14e+18
  62 -6.409403248214e+12 3.05e+18
  63 -6.409511705930e+12 2.96e+18
  64 -6.409613780958e+12 2.88e+18
  65 -6.409710048129e+12 2.80e+18
  66 -6.409802273266e+12 2.72e+18
  67 -6.409891464762e+12 2.65e+18
  68 -6.409978347664e+12 2.58e+18
  69 -6.410064127139e+12 2.51e+18
  70 -6.410148293591e+12 2.45e+18
  71 -6.410228356675e+12 2.38e+18
  72 -6.410304683356e+12 2.32e+18
  73 -6.410378706261e+12 2.27e+18
  74 -6.410451600874e+12 2.21e+18
  75 -6.410524700811e+12 2.16e+18
  76 -6.410598253607e+12 2.11e+18
  77 -6.410671527549e+12 2.06e+18
  78 -6.410745796113e+12 2.01e+18
  79 -6.410818416516e+12 1.96e+18
  80 -6.410886838138e+12 1.92e+18
  81 -6.410952471044e+12 1.87e+18
  82 -6.411015328423e+12 1.83e+18
  83 -6.411075318451e+12 1.79e+18
  84 -6.411133282913e+12 1.76e+18
  85 -6.411190175579e+12 1.72e+18
  86 -6.411246734455e+12 1.68e+18
  87 -6.411302208776e+12 1.65e+18
  88 -6.411356258110e+12 1.61e+18
  89 -6.411409738217e+12 1.58e+18
  90 -6.411462668808e+12 1.55e+18
  91 -6.411514701912e+12 1.52e+18
  92 -6.411566053181e+12 1.49e+18
  93 -6.411616238545e+12 1.46e+18
  94 -6.411664026719e+12 1.43e+18
  95 -6.411708683440e+12 1.40e+18
  96 -6.411750995349e+12 1.38e+18
  97 -6.411792078670e+12 1.35e+18
  98 -6.411832472011e+12 1.33e+18
  99 -6.411872145607e+12 1.30e+18
 100 -6.411910899026e+12 1.29e+18
 101 -6.411948876807e+12 1.28e+18
 102 -6.411986356400e+12 1.26e+18
 103 -6.412023314600e+12 1.25e+18
 104 -6.412059869703e+12 1.23e+18
 105 -6.412096268330e+12 1.22e+18
 106 -6.412132435340e+12 1.21e+18
 107 -6.412168314497e+12 1.19e+18
 108 -6.412204165191e+12 1.18e+18
 109 -6.412239592875e+12 1.17e+18
 110 -6.412273546559e+12 1.16e+18
 111 -6.412305871653e+12 1.14e+18
 112 -6.412337194454e+12 1.13e+18
 113 -6.412367874206e+12 1.12e+18
 114 -6.412398120235e+12 1.11e+18
 115 -6.412428220426e+12 1.10e+18
 116 -6.412458494717e+12 1.09e+18
 117 -6.412488917659e+12 1.08e+18
 118 -6.412518809162e+12 1.06e+18
 119 -6.412547548357e+12 1.05e+18
 120 -6.412575256870e+12 1.04e+18
 121 -6.412602463965e+12 1.03e+18
 122 -6.412629636681e+12 1.02e+18
 123 -6.412656708757e+12 1.01e+18
 124 -6.412683154580e+12 1.00e+18
 125 -6.412709045823e+12 9.95e+17
 126 -6.412734801524e+12 9.85e+17
 127 -6.412760548189e+12 9.75e+17
 128 -6.412786061312e+12 9.65e+17
 129 -6.412811018009e+12 9.56e+17
 130 -6.412835339443e+12 9.46e+17
 131 -6.412859141318e+12 9.37e+17
 132 -6.412882447668e+12 9.27e+17
 133 -6.412905284433e+12 9.18e+17
 134 -6.412927855732e+12 9.09e+17
 135 -6.412950414229e+12 9.00e+17
 136 -6.412973016275e+12 8.92e+17
 137 -6.412995631075e+12 8.83e+17
 138 -6.413018439927e+12 8.75e+17
 139 -6.413041711469e+12 8.67e+17
 140 -6.413065436417e+12 8.59e+17
 141 -6.413089400492e+12 8.51e+17
 142 -6.413113445511e+12 8.43e+17
 143 -6.413137441518e+12 8.35e+17
 144 -6.413160797284e+12 8.27e+17
 145 -6.413182679543e+12 8.20e+17
 146 -6.413203444771e+12 8.13e+17
 147 -6.413223736533e+12 8.05e+17
 148 -6.413243947701e+12 7.98e+17
 149 -6.413264270004e+12 7.91e+17
 150 -6.413284677252e+12 7.84e+17
 151 -6.413305003203e+12 7.76e+17
 152 -6.413325159376e+12 7.69e+17
 153 -6.413345123847e+12 7.62e+17
 154 -6.413364802336e+12 7.55e+17
 155 -6.413384180991e+12 7.48e+17
 156 -6.413403394251e+12 7.42e+17
 157 -6.413422505193e+12 7.35e+17
 158 -6.413441453541e+12 7.29e+17
 159 -6.413460065330e+12 7.22e+17
 160 -6.413478327821e+12 7.16e+17
 161 -6.413496341297e+12 7.10e+17
 162 -6.413514244290e+12 7.04e+17
 163 -6.413531862953e+12 6.97e+17
 164 -6.413549059248e+12 6.91e+17
 165 -6.413566027125e+12 6.86e+17
 166 -6.413582891871e+12 6.80e+17
 167 -6.413599750312e+12 6.74e+17
 168 -6.413616705686e+12 6.69e+17
 169 -6.413633973395e+12 6.63e+17
 170 -6.413651864991e+12 6.58e+17
 171 -6.413670709668e+12 6.53e+17
 172 -6.413690876932e+12 6.48e+17
 173 -6.413712854016e+12 6.43e+17
 174 -6.413737259510e+12 6.39e+17
 175 -6.413764473384e+12 6.35e+17
 176 -6.413794068447e+12 6.31e+17
 177 -6.413824717850e+12 6.27e+17
 178 -6.413854661052e+12 6.22e+17
 179 -6.413882676162e+12 6.17e+17
 180 -6.413908615584e+12 6.12e+17
 181 -6.413932616761e+12 6.06e+17
 182 -6.413955003591e+12 6.01e+17
 183 -6.413976511245e+12 5.96e+17
 184 -6.413997601865e+12 5.91e+17
 185 -6.414018543678e+12 5.87e+17
 186 -6.414039651252e+12 5.82e+17
 187 -6.414061232082e+12 5.78e+17
 188 -6.414083410528e+12 5.74e+17
 189 -6.414106193148e+12 5.70e+17
 190 -6.414129661734e+12 5.66e+17
 191 -6.414154067737e+12 5.62e+17
 192 -6.414179791986e+12 5.58e+17
 193 -6.414207037874e+12 5.55e+17
 194 -6.414235692495e+12 5.51e+17
 195 -6.414265627442e+12 5.47e+17
 196 -6.414297112726e+12 5.44e+17
 197 -6.414330862029e+12 5.40e+17
 198 -6.414367287142e+12 5.36e+17
 199 -6.414405089569e+12 5.33e+17
 200 -6.414441829599e+12 5.29e+17
 201 -6.414476500679e+12 5.25e+17
 202 -6.414509712707e+12 5.21e+17
 203 -6.414542249836e+12 5.17e+17
 204 -6.414574738094e+12 5.13e+17
 205 -6.414608014040e+12 5.10e+17
 206 -6.414642924438e+12 5.06e+17
 207 -6.414679759874e+12 5.03e+17
 208 -6.414717959045e+12 5.00e+17
 209 -6.414757038072e+12 4.96e+17
 210 -6.414796986644e+12 4.93e+17
 211 -6.414837504342e+12 4.90e+17
 212 -6.414877953482e+12 4.87e+17
 213 -6.414918042954e+12 4.84e+17
 214 -6.414958259208e+12 4.81e+17
 215 -6.414999934901e+12 4.78e+17
 216 -6.415045661802e+12 4.76e+17
 217 -6.415098508283e+12 4.74e+17
 218 -6.415160969476e+12 4.72e+17
 219 -6.415231112499e+12 4.70e+17
 220 -6.415298390576e+12 4.67e+17
 221 -6.415350743440e+12 4.64e+17
 222 -6.415386198572e+12 4.60e+17
 223 -6.415411502983e+12 4.56e+17
 224 -6.415431979961e+12 4.52e+17
 225 -6.415449759383e+12 4.49e+17
 226 -6.415465930206e+12 4.46e+17
 227 -6.415481232775e+12 4.43e+17
 228 -6.415495779957e+12 4.40e+17
 229 -6.415509509507e+12 4.37e+17
 230 -6.415522581627e+12 4.34e+17
 231 -6.415535234908e+12 4.32e+17
 232 -6.415547701069e+12 4.29e+17
 233 -6.415560001944e+12 4.26e+17
 234 -6.415572029658e+12 4.23e+17
 235 -6.415583850059e+12 4.21e+17
 236 -6.415595479130e+12 4.18e+17
 237 -6.415607014159e+12 4.16e+17
 238 -6.415618607526e+12 4.14e+17
 239 -6.415630138062e+12 4.12e+17
 240 -6.415641457882e+12 4.10e+17
 241 -6.415652540271e+12 4.07e+17
 242 -6.415663311619e+12 4.05e+17
 243 -6.415673681465e+12 4.03e+17
 244 -6.415683689494e+12 4.01e+17
 245 -6.415693374813e+12 3.99e+17
 246 -6.415702728169e+12 3.97e+17
 247 -6.415711879643e+12 3.94e+17
 248 -6.415721060611e+12 3.92e+17
 249 -6.415730321278e+12 3.90e+17
 250 -6.415739512948e+12 3.88e+17
 251 -6.415748571444e+12 3.85e+17
 252 -6.415757607627e+12 3.83e+17
 253 -6.415766613140e+12 3.81e+17
 254 -6.415775434167e+12 3.79e+17
 255 -6.415784129753e+12 3.78e+17
 256 -6.415792847566e+12 3.76e+17
 257 -6.415801584364e+12 3.74e+17
 258 -6.415810166288e+12 3.72e+17
 259 -6.415818468618e+12 3.70e+17
 260 -6.415826595878e+12 3.68e+17
 261 -6.415834626783e+12 3.66e+17
 262 -6.415842555932e+12 3.64e+17
 263 -6.415850442245e+12 3.62e+17
 264 -6.415858322600e+12 3.61e+17
 265 -6.415866112426e+12 3.59e+17
 266 -6.415873791143e+12 3.58e+17
 267 -6.415881463613e+12 3.56e+17
 268 -6.415889278507e+12 3.55e+17
 269 -6.415897307850e+12 3.53e+17
 270 -6.415905517818e+12 3.52e+17
 271 -6.415913772220e+12 3.51e+17
 272 -6.415921850316e+12 3.49e+17
 273 -6.415929513904e+12 3.48e+17
 274 -6.415936828089e+12 3.46e+17
 275 -6.415944032474e+12 3.45e+17
 276 -6.415951264423e+12 3.43e+17
 277 -6.415958586373e+12 3.42e+17
 278 -6.415966072861e+12 3.40e+17
 279 -6.415973955148e+12 3.39e+17
 280 -6.415982382789e+12 3.37e+17
 281 -6.415991032830e+12 3.36e+17
 282 -6.415999578468e+12 3.35e+17
 283 -6.416008083586e+12 3.33e+17
 284 -6.416016602105e+12 3.32e+17
 285 -6.416025059739e+12 3.30e+17
 286 -6.416033528416e+12 3.29e+17
 287 -6.416042181934e+12 3.27e+17
 288 -6.416051030885e+12 3.25e+17
 289 -6.416060032699e+12 3.24e+17
 290 -6.416069246366e+12 3.22e+17
 291 -6.416078602856e+12 3.21e+17
 292 -6.416087942703e+12 3.19e+17
 293 -6.416097234732e+12 3.18e+17
 294 -6.416106502724e+12 3.16e+17
 295 -6.416115926179e+12 3.15e+17
 296 -6.416125735658e+12 3.14e+17
 297 -6.416135809852e+12 3.13e+17
 298 -6.416145927846e+12 3.11e+17
 299 -6.416156023126e+12 3.10e+17
 300 -6.416165715796e+12 3.09e+17
 301 -6.416174776851e+12 3.08e+17
 302 -6.416183623096e+12 3.07e+17
 303 -6.416192558580e+12 3.05e+17
 304 -6.416201463121e+12 3.04e+17
 305 -6.416210240073e+12 3.03e+17
 306 -6.416219153520e+12 3.02e+17
 307 -6.416228105095e+12 3.00e+17
 308 -6.416236773548e+12 2.99e+17
 309 -6.416245343398e+12 2.98e+17
 310 -6.416253926050e+12 2.97e+17
 311 -6.416262385251e+12 2.95e+17
 312 -6.416270645580e+12 2.94e+17
 313 -6.416278837621e+12 2.93e+17
 314 -6.416287310227e+12 2.91e+17
 315 -6.416296368118e+12 2.90e+17
 316 -6.416305980411e+12 2.89e+17
 317 -6.416315595124e+12 2.88e+17
 318 -6.416324656891e+12 2.86e+17
 319 -6.416333177844e+12 2.85e+17
 320 -6.416341411035e+12 2.84e+17
 321 -6.416349441635e+12 2.83e+17
 322 -6.416357268844e+12 2.81e+17
 323 -6.416364996751e+12 2.80e+17
 324 -6.416372661258e+12 2.79e+17
 325 -6.416380306791e+12 2.78e+17
 326 -6.416387988837e+12 2.77e+17
 327 -6.416395608293e+12 2.76e+17
 328 -6.416402930606e+12 2.75e+17
 329 -6.416409776917e+12 2.74e+17
 330 -6.416416202224e+12 2.73e+17
 331 -6.416422481416e+12 2.72e+17
 332 -6.416428810168e+12 2.71e+17
 333 -6.416435268091e+12 2.70e+17
 334 -6.416441966905e+12 2.69e+17
 335 -6.416449006097e+12 2.67e+17
 336 -6.416456384904e+12 2.66e+17
 337 -6.416463889237e+12 2.65e+17
 338 -6.416471465542e+12 2.64e+17
 339 -6.416479169206e+12 2.63e+17
 340 -6.416486937623e+12 2.62e+17
 341 -6.416494718573e+12 2.61e+17
 342 -6.416502399486e+12 2.60e+17
 343 -6.416509704552e+12 2.59e+17
 344 -6.416516477512e+12 2.58e+17
 345 -6.416522878985e+12 2.57e+17
 346 -6.416529102744e+12 2.56e+17
 347 -6.416535245585e+12 2.55e+17
 348 -6.416541334199e+12 2.54e+17
 349 -6.416547311912e+12 2.53e+17
 350 -6.416553137638e+12 2.52e+17
 351 -6.416558816920e+12 2.51e+17
 352 -6.416564328059e+12 2.51e+17
 353 -6.416569679429e+12 2.50e+17
 354 -6.416574880939e+12 2.49e+17
 355 -6.416579998490e+12 2.48e+17
 356 -6.416585313444e+12 2.47e+17
 357 -6.416591123844e+12 2.47e+17
 358 -6.416597186968e+12 2.46e+17
 359 -6.416603114905e+12 2.45e+17
 360 -6.416609069087e+12 2.44e+17
 361 -6.416615223823e+12 2.43e+17
 362 -6.416621497608e+12 2.42e+17
 363 -6.416627663105e+12 2.42e+17
 364 -6.416633599113e+12 2.41e+17
 365 -6.416639387889e+12 2.40e+17
 366 -6.416645124204e+12 2.39e+17
 367 -6.416650754502e+12 2.38e+17
 368 -6.416656187552e+12 2.37e+17
 369 -6.416661527756e+12 2.35e+17
 370 -6.416666946047e+12 2.34e+17
 371 -6.416672495431e+12 2.33e+17
 372 -6.416678195160e+12 2.32e+17
 373 -6.416684191960e+12 2.30e+17
 374 -6.416690454014e+12 2.29e+17
 375 -6.416696591646e+12 2.28e+17
 376 -6.416702026967e+12 2.28e+17
 377 -6.416707000514e+12 2.27e+17
 378 -6.416711656639e+12 2.26e+17
 379 -6.416715993297e+12 2.26e+17
 380 -6.416720201210e+12 2.25e+17
 381 -6.416724333404e+12 2.24e+17
 382 -6.416728412848e+12 2.24e+17
 383 -6.416732448982e+12 2.23e+17
 384 -6.416736477618e+12 2.23e+17
 385 -6.416740618167e+12 2.22e+17
 386 -6.416744884229e+12 2.22e+17
 387 -6.416749091882e+12 2.21e+17
 388 -6.416753153498e+12 2.20e+17
 389 -6.416757299985e+12 2.20e+17
 390 -6.416761874867e+12 2.19e+17
 391 -6.416766412635e+12 2.19e+17
 392 -6.416770528735e+12 2.18e+17
 393 -6.416774582843e+12 2.17e+17
 394 -6.416778676107e+12 2.17e+17
 395 -6.416782760710e+12 2.16e+17
 396 -6.416786796198e+12 2.15e+17
 397 -6.416790781651e+12 2.15e+17
 398 -6.416794586384e+12 2.14e+17
 399 -6.416798316968e+12 2.13e+17
 400 -6.416802217784e+12 2.13e+17
 401 -6.416806364308e+12 2.12e+17
 402 -6.416810671199e+12 2.12e+17
 403 -6.416815011477e+12 2.11e+17
 404 -6.416819195636e+12 2.11e+17
 405 -6.416823112090e+12 2.10e+17
 406 -6.416826815617e+12 2.09e+17
 407 -6.416830382250e+12 2.09e+17
 408 -6.416833853041e+12 2.08e+17
 409 -6.416837227237e+12 2.08e+17
 410 -6.416840503921e+12 2.07e+17
 411 -6.416843726909e+12 2.07e+17
 412 -6.416846937467e+12 2.06e+17
 413 -6.416850189954e+12 2.05e+17
 414 -6.416853521182e+12 2.05e+17
 415 -6.416856967409e+12 2.04e+17
 416 -6.416860556958e+12 2.04e+17
 417 -6.416864198699e+12 2.03e+17
 418 -6.416867709386e+12 2.03e+17
 419 -6.416870949365e+12 2.02e+17
 420 -6.416873896746e+12 2.02e+17
 421 -6.416876683621e+12 2.01e+17
 422 -6.416879430200e+12 2.01e+17
 423 -6.416882162922e+12 2.00e+17
 424 -6.416884865480e+12 2.00e+17
 425 -6.416887530860e+12 1.99e+17
 426 -6.416890165300e+12 1.99e+17
 427 -6.416892782681e+12 1.98e+17
 428 -6.416895406408e+12 1.98e+17
 429 -6.416898065181e+12 1.97e+17
 430 -6.416900756153e+12 1.97e+17
 431 -6.416903433911e+12 1.96e+17
 432 -6.416906090561e+12 1.96e+17
 433 -6.416908727873e+12 1.95e+17
 434 -6.416911323916e+12 1.95e+17
 435 -6.416913877308e+12 1.94e+17
 436 -6.416916401739e+12 1.94e+17
 437 -6.416918923944e+12 1.93e+17
 438 -6.416921479456e+12 1.92e+17
 439 -6.416924092572e+12 1.92e+17
 440 -6.416926780212e+12 1.91e+17
 441 -6.416929545514e+12 1.91e+17
 442 -6.416932385903e+12 1.90e+17
 443 -6.416935315748e+12 1.89e+17
 444 -6.416938318968e+12 1.89e+17
 445 -6.416941268502e+12 1.88e+17
 446 -6.416944124736e+12 1.88e+17
 447 -6.416946896971e+12 1.87e+17
 448 -6.416949556792e+12 1.87e+17
 449 -6.416952115923e+12 1.86e+17
 450 -6.416954632146e+12 1.86e+17
 451 -6.416957159424e+12 1.85e+17
 452 -6.416959722547e+12 1.85e+17
 453 -6.416962286646e+12 1.84e+17
 454 -6.416964760317e+12 1.84e+17
 455 -6.416967117493e+12 1.84e+17
 456 -6.416969391504e+12 1.83e+17
 457 -6.416971589322e+12 1.83e+17
 458 -6.416973741766e+12 1.83e+17
 459 -6.416975879989e+12 1.82e+17
 460 -6.416978017188e+12 1.82e+17
 461 -6.416980153963e+12 1.82e+17
 462 -6.416982298017e+12 1.81e+17
 463 -6.416984461443e+12 1.81e+17
 464 -6.416986667700e+12 1.81e+17
 465 -6.416988980249e+12 1.80e+17
 466 -6.416991464798e+12 1.80e+17
 467 -6.416994070638e+12 1.79e+17
 468 -6.416996586439e+12 1.79e+17
 469 -6.416998878106e+12 1.79e+17
 470 -6.417001004745e+12 1.78e+17
 471 -6.417003062453e+12 1.78e+17
 472 -6.417005106431e+12 1.77e+17
 473 -6.417007162507e+12 1.77e+17
 474 -6.417009239297e+12 1.77e+17
 475 -6.417011332130e+12 1.76e+17
 476 -6.417013427767e+12 1.76e+17
 477 -6.417015515694e+12 1.75e+17
 478 -6.417017597797e+12 1.75e+17
 479 -6.417019683325e+12 1.74e+17
 480 -6.417021778330e+12 1.74e+17
 481 -6.417023880229e+12 1.73e+17
 482 -6.417025974472e+12 1.73e+17
 483 -6.417028033896e+12 1.72e+17
 484 -6.417030036911e+12 1.72e+17
 485 -6.417031985088e+12 1.71e+17
 486 -6.417033895527e+12 1.71e+17
 487 -6.417035778138e+12 1.71e+17
 488 -6.417037630596e+12 1.70e+17
 489 -6.417039450065e+12 1.70e+17
 490 -6.417041240895e+12 1.69e+17
 491 -6.417043016857e+12 1.69e+17
 492 -6.417044791191e+12 1.68e+17
 493 -6.417046567349e+12 1.68e+17
 494 -6.417048347838e+12 1.68e+17
 495 -6.417050149008e+12 1.67e+17
 496 -6.417051991421e+12 1.67e+17
 497 -6.417053875655e+12 1.66e+17
 498 -6.417055770496e+12 1.66e+17
 499 -6.417057627017e+12 1.65e+17
 500 -6.417059414685e+12 1.65e+17
 501 -6.417061139416e+12 1.65e+17
 502 -6.417062825641e+12 1.64e+17
 503 -6.417064493224e+12 1.64e+17
 504 -6.417066149002e+12 1.64e+17
 505 -6.417067792918e+12 1.63e+17
 506 -6.417069423913e+12 1.63e+17
 507 -6.417071044020e+12 1.62e+17
 508 -6.417072660672e+12 1.62e+17
 509 -6.417074287178e+12 1.62e+17
 510 -6.417075933893e+12 1.61e+17
 511 -6.417077597817e+12 1.61e+17
 512 -6.417079265726e+12 1.60e+17
 513 -6.417080923151e+12 1.60e+17
 514 -6.417082560892e+12 1.59e+17
 515 -6.417084176036e+12 1.59e+17
 516 -6.417085768194e+12 1.59e+17
 517 -6.417087335318e+12 1.58e+17
 518 -6.417088873875e+12 1.58e+17
 519 -6.417090385063e+12 1.58e+17
 520 -6.417091877424e+12 1.57e+17
 521 -6.417093360430e+12 1.57e+17
 522 -6.417094841247e+12 1.56e+17
 523 -6.417096327442e+12 1.56e+17
 524 -6.417097828537e+12 1.56e+17
 525 -6.417099357529e+12 1.55e+17
 526 -6.417100929498e+12 1.55e+17
 527 -6.417102553166e+12 1.55e+17
 528 -6.417104221108e+12 1.54e+17
 529 -6.417105906540e+12 1.54e+17
 530 -6.417107574961e+12 1.54e+17
 531 -6.417109204338e+12 1.53e+17
 532 -6.417110796334e+12 1.53e+17
 533 -6.417112373015e+12 1.52e+17
 534 -6.417113968033e+12 1.52e+17
 535 -6.417115618001e+12 1.52e+17
 536 -6.417117341505e+12 1.51e+17
 537 -6.417119108916e+12 1.51e+17
 538 -6.417120850081e+12 1.51e+17
 539 -6.417122515331e+12 1.50e+17
 540 -6.417124115638e+12 1.50e+17
 541 -6.417125699476e+12 1.50e+17
 542 -6.417127312177e+12 1.49e+17
 543 -6.417128973857e+12 1.49e+17
 544 -6.417130672641e+12 1.49e+17
 545 -6.417132376686e+12 1.49e+17
 546 -6.417134061898e+12 1.48e+17
 547 -6.417135725577e+12 1.48e+17
 548 -6.417137373339e+12 1.48e+17
 549 -6.417139002198e+12 1.47e+17
 550 -6.417140599104e+12 1.47e+17
 551 -6.417142150075e+12 1.47e+17
 552 -6.417143647570e+12 1.46e+17
 553 -6.417145094910e+12 1.46e+17
 554 -6.417146508377e+12 1.46e+17
 555 -6.417147910795e+12 1.45e+17
 556 -6.417149320188e+12 1.45e+17
 557 -6.417150740865e+12 1.44e+17
 558 -6.417152161397e+12 1.44e+17
 559 -6.417153563569e+12 1.44e+17
 560 -6.417154936440e+12 1.43e+17
 561 -6.417156283170e+12 1.43e+17
 562 -6.417157614520e+12 1.43e+17
 563 -6.417158937063e+12 1.42e+17
 564 -6.417160250779e+12 1.42e+17
 565 -6.417161554266e+12 1.42e+17
 566 -6.417162848777e+12 1.41e+17
 567 -6.417164141213e+12 1.41e+17
 568 -6.417165442797e+12 1.41e+17
 569 -6.417166759936e+12 1.40e+17
 570 -6.417168086235e+12 1.40e+17
 571 -6.417169404346e+12 1.40e+17
 572 -6.417170696360e+12 1.39e+17
 573 -6.417171953444e+12 1.39e+17
 574 -6.417173177364e+12 1.39e+17
 575 -6.417174377387e+12 1.39e+17
 576 -6.417175566286e+12 1.38e+17
 577 -6.417176754734e+12 1.38e+17
 578 -6.417177945090e+12 1.38e+17
 579 -6.417179129336e+12 1.37e+17
 580 -6.417180298810e+12 1.37e+17
 581 -6.417181453734e+12 1.37e+17
 582 -6.417182599630e+12 1.37e+17
 583 -6.417183741693e+12 1.36e+17
 584 -6.417184882894e+12 1.36e+17
 585 -6.417186025720e+12 1.36e+17
 586 -6.417187172314e+12 1.36e+17
 587 -6.417188323159e+12 1.35e+17
 588 -6.417189476922e+12 1.35e+17
 589 -6.417190632017e+12 1.35e+17
 590 -6.417191786664e+12 1.35e+17
 591 -6.417192937976e+12 1.34e+17
 592 -6.417194084477e+12 1.34e+17
 593 -6.417195227849e+12 1.34e+17
 594 -6.417196369425e+12 1.34e+17
 595 -6.417197508002e+12 1.33e+17
 596 -6.417198641224e+12 1.33e+17
 597 -6.417199765846e+12 1.33e+17
 598 -6.417200878232e+12 1.32e+17
 599 -6.417201977497e+12 1.32e+17
 600 -6.417203066944e+12 1.32e+17
 601 -6.417204151105e+12 1.32e+17
 602 -6.417205232134e+12 1.31e+17
 603 -6.417206309575e+12 1.31e+17
 604 -6.417207382522e+12 1.31e+17
 605 -6.417208451515e+12 1.31e+17
 606 -6.417209519061e+12 1.30e+17
 607 -6.417210588022e+12 1.30e+17
 608 -6.417211659190e+12 1.30e+17
 609 -6.417212730463e+12 1.30e+17
 610 -6.417213798290e+12 1.29e+17
 611 -6.417214860620e+12 1.29e+17
 612 -6.417215919170e+12 1.29e+17
 613 -6.417216979467e+12 1.28e+17
 614 -6.417218050224e+12 1.28e+17
 615 -6.417219143008e+12 1.28e+17
 616 -6.417220271040e+12 1.28e+17
 617 -6.417221447897e+12 1.28e+17
 618 -6.417222687652e+12 1.27e+17
 619 -6.417224003311e+12 1.27e+17
 620 -6.417225397064e+12 1.27e+17
 621 -6.417226844898e+12 1.27e+17
 622 -6.417228294094e+12 1.26e+17
 623 -6.417229688172e+12 1.26e+17
 624 -6.417231000120e+12 1.26e+17
 625 -6.417232238957e+12 1.26e+17
 626 -6.417233428814e+12 1.26e+17
 627 -6.417234588123e+12 1.25e+17
 628 -6.417235724769e+12 1.25e+17
 629 -6.417236842524e+12 1.25e+17
 630 -6.417237947202e+12 1.25e+17
 631 -6.417239046834e+12 1.25e+17
 632 -6.417240148032e+12 1.24e+17
 633 -6.417241252309e+12 1.24e+17
 634 -6.417242354968e+12 1.24e+17
 635 -6.417243446904e+12 1.24e+17
 636 -6.417244518347e+12 1.23e+17
 637 -6.417245563453e+12 1.23e+17
 638 -6.417246583178e+12 1.23e+17
 639 -6.417247583893e+12 1.23e+17
 640 -6.417248573929e+12 1.22e+17
 641 -6.417249560837e+12 1.22e+17
 642 -6.417250549330e+12 1.22e+17
 643 -6.417251539125e+12 1.22e+17
 644 -6.417252523887e+12 1.21e+17
 645 -6.417253494374e+12 1.21e+17
 646 -6.417254445677e+12 1.21e+17
 647 -6.417255380276e+12 1.21e+17
 648 -6.417256303101e+12 1.20e+17
 649 -6.417257216951e+12 1.20e+17
 650 -6.417258123022e+12 1.20e+17
 651 -6.417259023132e+12 1.19e+17
 652 -6.417259920244e+12 1.19e+17
 653 -6.417260816658e+12 1.19e+17
 654 -6.417261712004e+12 1.19e+17
 655 -6.417262603889e+12 1.19e+17
 656 -6.417263490969e+12 1.18e+17
 657 -6.417264374796e+12 1.18e+17
 658 -6.417265258760e+12 1.18e+17
 659 -6.417266145671e+12 1.18e+17
 660 -6.417267035990e+12 1.17e+17
 661 -6.417267928005e+12 1.17e+17
 662 -6.417268819275e+12 1.17e+17
 663 -6.417269707384e+12 1.17e+17
 664 -6.417270590369e+12 1.16e+17
 665 -6.417271468161e+12 1.16e+17
 666 -6.417272343476e+12 1.16e+17
 667 -6.417273220283e+12 1.16e+17
 668 -6.417274101407e+12 1.16e+17
 669 -6.417274987951e+12 1.15e+17
 670 -6.417275880044e+12 1.15e+17
 671 -6.417276777326e+12 1.15e+17
 672 -6.417277679828e+12 1.15e+17
 673 -6.417278589296e+12 1.15e+17
 674 -6.417279509965e+12 1.14e+17
 675 -6.417280448582e+12 1.14e+17
 676 -6.417281413836e+12 1.14e+17
 677 -6.417282414883e+12 1.14e+17
 678 -6.417283458710e+12 1.14e+17
 679 -6.417284546179e+12 1.13e+17
 680 -6.417285667498e+12 1.13e+17
 681 -6.417286801052e+12 1.13e+17
 682 -6.417287920387e+12 1.13e+17
 683 -6.417289006103e+12 1.13e+17
 684 -6.417290052110e+12 1.13e+17
 685 -6.417291062039e+12 1.13e+17
 686 -6.417292041915e+12 1.13e+17
 687 -6.417292996331e+12 1.12e+17
 688 -6.417293928000e+12 1.12e+17
 689 -6.417294838673e+12 1.12e+17
 690 -6.417295730131e+12 1.12e+17
 691 -6.417296604329e+12 1.12e+17
 692 -6.417297463592e+12 1.12e+17
 693 -6.417298310287e+12 1.12e+17
 694 -6.417299146555e+12 1.12e+17
 695 -6.417299974535e+12 1.12e+17
 696 -6.417300796755e+12 1.12e+17
 697 -6.417301615390e+12 1.12e+17
 698 -6.417302430372e+12 1.12e+17
 699 -6.417303238761e+12 1.11e+17
 700 -6.417304035867e+12 1.11e+17
 701 -6.417304818775e+12 1.11e+17
 702 -6.417305588760e+12 1.11e+17
 703 -6.417306350991e+12 1.11e+17
 704 -6.417307113018e+12 1.11e+17
 705 -6.417307882900e+12 1.10e+17
 706 -6.417308667953e+12 1.10e+17
 707 -6.417309472841e+12 1.10e+17
 708 -6.417310297402e+12 1.10e+17
 709 -6.417311136999e+12 1.10e+17
 710 -6.417311986212e+12 1.09e+17
 711 -6.417312839990e+12 1.09e+17
 712 -6.417313691211e+12 1.09e+17
 713 -6.417314529665e+12 1.08e+17
 714 -6.417315346415e+12 1.08e+17
 715 -6.417316139555e+12 1.08e+17
 716 -6.417316914712e+12 1.08e+17
 717 -6.417317680166e+12 1.08e+17
 718 -6.417318441933e+12 1.07e+17
 719 -6.417319202183e+12 1.07e+17
 720 -6.417319960296e+12 1.07e+17
 721 -6.417320714655e+12 1.07e+17
 722 -6.417321463646e+12 1.06e+17
 723 -6.417322206058e+12 1.06e+17
 724 -6.417322941106e+12 1.06e+17
 725 -6.417323668222e+12 1.06e+17
 726 -6.417324387321e+12 1.06e+17
 727 -6.417325100125e+12 1.06e+17
 728 -6.417325810862e+12 1.05e+17
 729 -6.417326525435e+12 1.05e+17
 730 -6.417327250341e+12 1.05e+17
 731 -6.417327991323e+12 1.05e+17
 732 -6.417328750771e+12 1.05e+17
 733 -6.417329524332e+12 1.04e+17
 734 -6.417330300779e+12 1.04e+17
 735 -6.417331067668e+12 1.04e+17
 736 -6.417331818174e+12 1.04e+17
 737 -6.417332552997e+12 1.03e+17
 738 -6.417333277185e+12 1.03e+17
 739 -6.417333995785e+12 1.03e+17
 740 -6.417334711496e+12 1.03e+17
 741 -6.417335424922e+12 1.03e+17
 742 -6.417336136056e+12 1.02e+17
 743 -6.417336845166e+12 1.02e+17
 744 -6.417337552646e+12 1.02e+17
 745 -6.417338258333e+12 1.02e+17
 746 -6.417338961434e+12 1.02e+17
 747 -6.417339661361e+12 1.02e+17
 748 -6.417340358381e+12 1.01e+17
 749 -6.417341053218e+12 1.01e+17
 750 -6.417341746313e+12 1.01e+17
 751 -6.417342437784e+12 1.01e+17
 752 -6.417343128082e+12 1.01e+17
 753 -6.417343818310e+12 1.00e+17
 754 -6.417344509953e+12 1.00e+17
 755 -6.417345204245e+12 1.00e+17
 756 -6.417345901515e+12 9.99e+16
 757 -6.417346600825e+12 9.98e+16
 758 -6.417347300442e+12 9.96e+16
 759 -6.417347999078e+12 9.94e+16
 760 -6.417348696667e+12 9.93e+16
 761 -6.417349393861e+12 9.91e+16
 762 -6.417350090995e+12 9.89e+16
 763 -6.417350787541e+12 9.88e+16
 764 -6.417351482252e+12 9.86e+16
 765 -6.417352173612e+12 9.84e+16
 766 -6.417352860328e+12 9.83e+16
 767 -6.417353541613e+12 9.81e+16
 768 -6.417354217226e+12 9.80e+16
 769 -6.417354887389e+12 9.78e+16
 770 -6.417355552506e+12 9.77e+16
 771 -6.417356212909e+12 9.75e+16
 772 -6.417356868789e+12 9.74e+16
 773 -6.417357520395e+12 9.72e+16
 774 -6.417358168443e+12 9.71e+16
 775 -6.417358814326e+12 9.69e+16
 776 -6.417359459885e+12 9.68e+16
 777 -6.417360107104e+12 9.66e+16
 778 -6.417360757939e+12 9.65e+16
 779 -6.417361413911e+12 9.63e+16
 780 -6.417362075343e+12 9.62e+16
 781 -6.417362740956e+12 9.61e+16
 782 -6.417363408174e+12 9.60e+16
 783 -6.417364073907e+12 9.58e+16
 784 -6.417364735030e+12 9.57e+16
 785 -6.417365388609e+12 9.56e+16
 786 -6.417366032343e+12 9.55e+16
 787 -6.417366665255e+12 9.54e+16
 788 -6.417367287995e+12 9.54e+16
 789 -6.417367902424e+12 9.53e+16
 790 -6.417368510826e+12 9.52e+16
 791 -6.417369115130e+12 9.51e+16
 792 -6.417369716353e+12 9.51e+16
 793 -6.417370314382e+12 9.50e+16
 794 -6.417370908314e+12 9.49e+16
 795 -6.417371497290e+12 9.48e+16
 796 -6.417372081138e+12 9.48e+16
 797 -6.417372660437e+12 9.47e+16
 798 -6.417373236239e+12 9.46e+16
 799 -6.417373809869e+12 9.46e+16
 800 -6.417374382875e+12 9.45e+16
 801 -6.417374956791e+12 9.44e+16
 802 -6.417375532675e+12 9.44e+16
 803 -6.417376110442e+12 9.43e+16
 804 -6.417376688516e+12 9.42e+16
 805 -6.417377264329e+12 9.41e+16
 806 -6.417377835561e+12 9.40e+16
 807 -6.417378401395e+12 9.39e+16
 808 -6.417378962954e+12 9.38e+16
 809 -6.417379522861e+12 9.37e+16
 810 -6.417380084383e+12 9.36e+16
 811 -6.417380650380e+12 9.35e+16
 812 -6.417381222134e+12 9.34e+16
 813 -6.417381798613e+12 9.33e+16
 814 -6.417382376868e+12 9.31e+16
 815 -6.417382953556e+12 9.30e+16
 816 -6.417383526424e+12 9.28e+16
 817 -6.417384094861e+12 9.27e+16
 818 -6.417384659552e+12 9.26e+16
 819 -6.417385221656e+12 9.24e+16
 820 -6.417385782024e+12 9.23e+16
 821 -6.417386340921e+12 9.22e+16
 822 -6.417386898236e+12 9.20e+16
 823 -6.417387453786e+12 9.19e+16
 824 -6.417388007500e+12 9.17e+16
 825 -6.417388559469e+12 9.16e+16
 826 -6.417389109872e+12 9.15e+16
 827 -6.417389658854e+12 9.13e+16
 828 -6.417390206536e+12 9.12e+16
 829 -6.417390753292e+12 9.10e+16
 830 -6.417391300005e+12 9.09e+16
 831 -6.417391847896e+12 9.07e+16
 832 -6.417392397831e+12 9.06e+16
 833 -6.417392949415e+12 9.04e+16
 834 -6.417393500471e+12 9.03e+16
 835 -6.417394047575e+12 9.02e+16
 836 -6.417394587591e+12 9.00e+16
 837 -6.417395119087e+12 8.99e+16
 838 -6.417395642438e+12 8.97e+16
 839 -6.417396158821e+12 8.96e+16
 840 -6.417396669341e+12 8.95e+16
 841 -6.417397174966e+12 8.93e+16
 842 -6.417397676651e+12 8.92e+16
 843 -6.417398175155e+12 8.91e+16
 844 -6.417398670835e+12 8.89e+16
 845 -6.417399163812e+12 8.88e+16
 846 -6.417399654265e+12 8.87e+16
 847 -6.417400142486e+12 8.85e+16
 848 -6.417400628761e+12 8.84e+16
 849 -6.417401113327e+12 8.83e+16
 850 -6.417401596479e+12 8.81e+16
 851 -6.417402078663e+12 8.80e+16
 852 -6.417402560483e+12 8.79e+16
 853 -6.417403042645e+12 8.77e+16
 854 -6.417403525803e+12 8.76e+16
 855 -6.417404010265e+12 8.75e+16
 856 -6.417404495737e+12 8.73e+16
 857 -6.417404981350e+12 8.72e+16
 858 -6.417405466036e+12 8.71e+16
 859 -6.417405948952e+12 8.69e+16
 860 -6.417406429698e+12 8.68e+16
 861 -6.417406908334e+12 8.67e+16
 862 -6.417407385311e+12 8.66e+16
 863 -6.417407861394e+12 8.64e+16
 864 -6.417408337511e+12 8.63e+16
 865 -6.417408814511e+12 8.62e+16
 866 -6.417409292899e+12 8.61e+16
 867 -6.417409772701e+12 8.59e+16
 868 -6.417410253534e+12 8.58e+16
 869 -6.417410734795e+12 8.57e+16
 870 -6.417411215885e+12 8.56e+16
 871 -6.417411696409e+12 8.54e+16
 872 -6.417412176350e+12 8.53e+16
 873 -6.417412656133e+12 8.52e+16
 874 -6.417413136521e+12 8.50e+16
 875 -6.417413618371e+12 8.49e+16
 876 -6.417414102343e+12 8.48e+16
 877 -6.417414588664e+12 8.47e+16
 878 -6.417415077083e+12 8.45e+16
 879 -6.417415567043e+12 8.44e+16
 880 -6.417416057822e+12 8.43e+16
 881 -6.417416548469e+12 8.42e+16
 882 -6.417417037751e+12 8.40e+16
 883 -6.417417524277e+12 8.39e+16
 884 -6.417418006761e+12 8.38e+16
 885 -6.417418484307e+12 8.37e+16
 886 -6.417418956535e+12 8.36e+16
 887 -6.417419423483e+12 8.35e+16
 888 -6.417419885362e+12 8.33e+16
 889 -6.417420342287e+12 8.32e+16
 890 -6.417420794146e+12 8.31e+16
 891 -6.417421240626e+12 8.30e+16
 892 -6.417421681372e+12 8.29e+16
 893 -6.417422116131e+12 8.28e+16
 894 -6.417422544840e+12 8.26e+16
 895 -6.417422967676e+12 8.25e+16
 896 -6.417423385028e+12 8.24e+16
 897 -6.417423797465e+12 8.23e+16
 898 -6.417424205670e+12 8.22e+16
 899 -6.417424610378e+12 8.21e+16
 900 -6.417425012379e+12 8.20e+16
 901 -6.417425412570e+12 8.19e+16
 902 -6.417425811964e+12 8.17e+16
 903 -6.417426211582e+12 8.16e+16
 904 -6.417426612212e+12 8.15e+16
 905 -6.417427014159e+12 8.14e+16
 906 -6.417427417126e+12 8.13e+16
 907 -6.417427820315e+12 8.12e+16
 908 -6.417428222775e+12 8.11e+16
 909 -6.417428623779e+12 8.10e+16
 910 -6.417429023000e+12 8.08e+16
 911 -6.417429420407e+12 8.07e+16
 912 -6.417429816095e+12 8.06e+16
 913 -6.417430210164e+12 8.05e+16
 914 -6.417430602691e+12 8.04e+16
 915 -6.417430993741e+12 8.03e+16
 916 -6.417431383393e+12 8.02e+16
 917 -6.417431771728e+12 8.00e+16
 918 -6.417432158780e+12 7.99e+16
 919 -6.417432544503e+12 7.98e+16
 920 -6.417432928786e+12 7.97e+16
 921 -6.417433311525e+12 7.96e+16
 922 -6.417433692720e+12 7.95e+16
 923 -6.417434072560e+12 7.94e+16
 924 -6.417434451468e+12 7.92e+16
 925 -6.417434830024e+12 7.91e+16
 926 -6.417435208778e+12 7.90e+16
 927 -6.417435588090e+12 7.89e+16
 928 -6.417435968086e+12 7.88e+16
 929 -6.417436348720e+12 7.87e+16
 930 -6.417436729932e+12 7.86e+16
 931 -6.417437111781e+12 7.85e+16
 932 -6.417437494541e+12 7.84e+16
 933 -6.417437878729e+12 7.83e+16
 934 -6.417438265118e+12 7.82e+16
 935 -6.417438654709e+12 7.81e+16
 936 -6.417439048629e+12 7.79e+16
 937 -6.417439447943e+12 7.78e+16
 938 -6.417439853424e+12 7.77e+16
 939 -6.417440265316e+12 7.76e+16
 940 -6.417440683161e+12 7.75e+16
 941 -6.417441105737e+12 7.74e+16
 942 -6.417441531217e+12 7.73e+16
 943 -6.417441957540e+12 7.72e+16
 944 -6.417442382866e+12 7.71e+16
 945 -6.417442805852e+12 7.70e+16
 946 -6.417443225642e+12 7.69e+16
 947 -6.417443641622e+12 7.68e+16
 948 -6.417444053287e+12 7.67e+16
 949 -6.417444460211e+12 7.66e+16
 950 -6.417444862147e+12 7.65e+16
 951 -6.417445259043e+12 7.64e+16
 952 -6.417445650946e+12 7.63e+16
 953 -6.417446037961e+12 7.62e+16
 954 -6.417446420221e+12 7.61e+16
 955 -6.417446797880e+12 7.60e+16
 956 -6.417447171089e+12 7.59e+16
 957 -6.417447539952e+12 7.58e+16
 958 -6.417447904513e+12 7.57e+16
 959 -6.417448264769e+12 7.56e+16
 960 -6.417448620722e+12 7.55e+16
 961 -6.417448972455e+12 7.54e+16
 962 -6.417449320235e+12 7.53e+16
 963 -6.417449664446e+12 7.52e+16
 964 -6.417450005523e+12 7.51e+16
 965 -6.417450343897e+12 7.50e+16
 966 -6.417450679950e+12 7.49e+16
 967 -6.417451014034e+12 7.48e+16
 968 -6.417451346478e+12 7.47e+16
 969 -6.417451677581e+12 7.46e+16
 970 -6.417452007601e+12 7.45e+16
 971 -6.417452336746e+12 7.44e+16
 972 -6.417452665203e+12 7.43e+16
 973 -6.417452993180e+12 7.41e+16
 974 -6.417453320923e+12 7.40e+16
 975 -6.417453648678e+12 7.39e+16
 976 -6.417453976642e+12 7.38e+16
 977 -6.417454304936e+12 7.37e+16
 978 -6.417454633632e+12 7.36e+16
 979 -6.417454962826e+12 7.35e+16
 980 -6.417455292709e+12 7.34e+16
 981 -6.417455623582e+12 7.34e+16
 982 -6.417455955787e+12 7.33e+16
 983 -6.417456289624e+12 7.32e+16
 984 -6.417456625283e+12 7.31e+16
 985 -6.417456962812e+12 7.30e+16
 986 -6.417457302135e+12 7.29e+16
 987 -6.417457643082e+12 7.28e+16
 988 -6.417457985452e+12 7.27e+16
 989 -6.417458329024e+12 7.26e+16
 990 -6.417458673535e+12 7.25e+16
 991 -6.417459018672e+12 7.24e+16
 992 -6.417459364059e+12 7.23e+16
 993 -6.417459709347e+12 7.22e+16
 994 -6.417460054347e+12 7.21e+16
 995 -6.417460399152e+12 7.20e+16
 996 -6.417460744164e+12 7.20e+16
 997 -6.417461090026e+12 7.19e+16
 998 -6.417461437499e+12 7.18e+16
 999 -6.417461787291e+12 7.17e+16
1000 -6.417462139921e+12 7.16e+16
Computation took 5364.12 seconds.
Writing results to file.
Compute loglikelihood of fit
