
                            < M A T L A B (R) >
                  Copyright 1984-2018 The MathWorks, Inc.
                   R2018b (9.5.0.944444) 64-bit (glnxa64)
                              August 28, 2018

 
To get started, type doc.
For product information, visit www.mathworks.com.
 
Loading GTEx data.
Loaded 11688 x 55863 count matrix.
Loading initial estimates of factors and loadings.
Loaded 55863 x 20 factors matrix, and 11688 x 20 loadings matrix.
Fitting Poisson topic model using admm.
iter objective (cost fn) max.diff
---- ------------------- --------
   1 -6.407189017074e+12 1.75e-08
   2 -6.407605016562e+12 1.53e+01
   3 -6.407621171224e+12 5.13e+00
   4 -6.407621534608e+12 4.10e+00
   5 -6.407619718940e+12 4.06e+00
   6 -6.407616095178e+12 4.20e+00
   7 -6.407611086199e+12 4.39e+00
   8 -6.407605060258e+12 4.58e+00
   9 -6.407598294845e+12 4.76e+00
  10 -6.407591001044e+12 4.92e+00
  11 -6.407583336148e+12 5.06e+00
  12 -6.407575416599e+12 5.18e+00
  13 -6.407567324587e+12 5.28e+00
  14 -6.407559118502e+12 5.36e+00
  15 -6.407550833912e+12 5.43e+00
  16 -6.407542503652e+12 5.47e+00
  17 -6.407534150140e+12 5.50e+00
  18 -6.407525789036e+12 5.51e+00
  19 -6.407517443021e+12 5.49e+00
  20 -6.407509126004e+12 5.45e+00
  21 -6.407500850528e+12 5.38e+00
  22 -6.407492627383e+12 5.29e+00
  23 -6.407484465991e+12 5.19e+00
  24 -6.407476376994e+12 5.21e+00
  25 -6.407468365063e+12 5.34e+00
  26 -6.407460440070e+12 5.44e+00
  27 -6.407452601268e+12 5.53e+00
  28 -6.407444855078e+12 5.63e+00
  29 -6.407437205940e+12 5.98e+00
  30 -6.407429657566e+12 6.34e+00
  31 -6.407422208005e+12 6.71e+00
  32 -6.407414858742e+12 7.08e+00
  33 -6.407407608625e+12 7.46e+00
  34 -6.407400454484e+12 7.83e+00
  35 -6.407393396006e+12 8.21e+00
  36 -6.407386431919e+12 8.60e+00
  37 -6.407379554311e+12 8.98e+00
  38 -6.407372762626e+12 9.37e+00
  39 -6.407366058096e+12 9.75e+00
  40 -6.407359438759e+12 1.02e+01
  41 -6.407352898571e+12 1.07e+01
  42 -6.407346435039e+12 1.12e+01
  43 -6.407340043212e+12 1.17e+01
  44 -6.407333721455e+12 1.22e+01
  45 -6.407327467669e+12 1.27e+01
  46 -6.407321282424e+12 1.32e+01
  47 -6.407315156434e+12 1.36e+01
  48 -6.407309095908e+12 1.41e+01
  49 -6.407303095845e+12 1.46e+01
  50 -6.407297150846e+12 1.50e+01
  51 -6.407291267044e+12 1.55e+01
  52 -6.407285431263e+12 1.59e+01
  53 -6.407279652055e+12 1.63e+01
  54 -6.407273925462e+12 1.68e+01
  55 -6.407268244373e+12 1.72e+01
  56 -6.407262611140e+12 1.75e+01
  57 -6.407257027184e+12 1.79e+01
  58 -6.407251479084e+12 1.83e+01
  59 -6.407245975366e+12 1.86e+01
  60 -6.407240504972e+12 1.90e+01
  61 -6.407235076325e+12 1.93e+01
  62 -6.407229680111e+12 1.96e+01
  63 -6.407224322588e+12 1.98e+01
  64 -6.407218987095e+12 2.01e+01
  65 -6.407213680849e+12 2.03e+01
  66 -6.407208413590e+12 2.06e+01
  67 -6.407203177037e+12 2.08e+01
  68 -6.407197968406e+12 2.10e+01
  69 -6.407192790767e+12 2.11e+01
  70 -6.407187636230e+12 2.13e+01
  71 -6.407182515242e+12 2.14e+01
  72 -6.407177416282e+12 2.15e+01
  73 -6.407172349535e+12 2.18e+01
  74 -6.407167319183e+12 2.22e+01
  75 -6.407162316313e+12 2.26e+01
  76 -6.407157342206e+12 2.31e+01
  77 -6.407152395393e+12 2.35e+01
  78 -6.407147472491e+12 2.39e+01
  79 -6.407142593885e+12 2.42e+01
  80 -6.407137746397e+12 2.46e+01
  81 -6.407132924751e+12 2.50e+01
  82 -6.407128139933e+12 2.54e+01
  83 -6.407123387473e+12 2.57e+01
  84 -6.407118664088e+12 2.61e+01
  85 -6.407113970449e+12 2.64e+01
  86 -6.407109306733e+12 2.67e+01
  87 -6.407104683265e+12 2.71e+01
  88 -6.407100091636e+12 2.74e+01
  89 -6.407095536712e+12 2.77e+01
  90 -6.407091015521e+12 2.80e+01
  91 -6.407086526552e+12 2.83e+01
  92 -6.407082062639e+12 2.85e+01
  93 -6.407077641065e+12 2.88e+01
  94 -6.407073249758e+12 2.91e+01
  95 -6.407068892511e+12 2.93e+01
  96 -6.407064567862e+12 2.95e+01
  97 -6.407060277906e+12 2.97e+01
  98 -6.407056019838e+12 2.99e+01
  99 -6.407051794613e+12 3.01e+01
 100 -6.407047600339e+12 3.03e+01
 101 -6.407043437880e+12 3.05e+01
 102 -6.407039303814e+12 3.07e+01
 103 -6.407035200258e+12 3.08e+01
 104 -6.407031127149e+12 3.10e+01
 105 -6.407027082064e+12 3.11e+01
 106 -6.407023064316e+12 3.12e+01
 107 -6.407019064687e+12 3.13e+01
 108 -6.407015099216e+12 3.14e+01
 109 -6.407011164550e+12 3.15e+01
 110 -6.407007257401e+12 3.16e+01
 111 -6.407003375575e+12 3.17e+01
 112 -6.406999513938e+12 3.17e+01
 113 -6.406995688870e+12 3.18e+01
 114 -6.406991890183e+12 3.18e+01
 115 -6.406988106493e+12 3.18e+01
 116 -6.406984356950e+12 3.19e+01
 117 -6.406980637174e+12 3.19e+01
 118 -6.406976943985e+12 3.19e+01
 119 -6.406973271675e+12 3.18e+01
 120 -6.406969624407e+12 3.18e+01
 121 -6.406965998625e+12 3.18e+01
 122 -6.406962397834e+12 3.17e+01
 123 -6.406958826354e+12 3.17e+01
 124 -6.406955276187e+12 3.16e+01
 125 -6.406951749061e+12 3.15e+01
 126 -6.406948248276e+12 3.14e+01
 127 -6.406944774021e+12 3.14e+01
 128 -6.406941315937e+12 3.12e+01
 129 -6.406937884409e+12 3.11e+01
 130 -6.406934477283e+12 3.10e+01
 131 -6.406931091401e+12 3.09e+01
 132 -6.406927724465e+12 3.08e+01
 133 -6.406924369852e+12 3.06e+01
 134 -6.406921049545e+12 3.05e+01
 135 -6.406917749817e+12 3.03e+01
 136 -6.406914469622e+12 3.01e+01
 137 -6.406911210138e+12 3.00e+01
 138 -6.406907970163e+12 2.98e+01
 139 -6.406904747957e+12 2.96e+01
 140 -6.406901544340e+12 2.94e+01
 141 -6.406898360159e+12 2.93e+01
 142 -6.406895193540e+12 2.91e+01
 143 -6.406892044422e+12 2.89e+01
 144 -6.406888911993e+12 2.87e+01
 145 -6.406885793782e+12 2.90e+01
 146 -6.406882690610e+12 2.93e+01
 147 -6.406879601978e+12 2.96e+01
 148 -6.406876531867e+12 2.99e+01
 149 -6.406873467314e+12 3.01e+01
 150 -6.406870416727e+12 3.04e+01
 151 -6.406867387844e+12 3.07e+01
 152 -6.406864371402e+12 3.09e+01
 153 -6.406861365356e+12 3.12e+01
 154 -6.406858372299e+12 3.14e+01
 155 -6.406855390171e+12 3.17e+01
 156 -6.406852420798e+12 3.19e+01
 157 -6.406849462809e+12 3.21e+01
 158 -6.406846517497e+12 3.24e+01
 159 -6.406843583538e+12 3.26e+01
 160 -6.406840653027e+12 3.28e+01
 161 -6.406837737264e+12 3.31e+01
 162 -6.406834833966e+12 3.33e+01
 163 -6.406831936370e+12 3.35e+01
 164 -6.406829048765e+12 3.38e+01
 165 -6.406826173760e+12 3.40e+01
 166 -6.406823310727e+12 3.42e+01
 167 -6.406820457888e+12 3.44e+01
 168 -6.406817615561e+12 3.47e+01
 169 -6.406814777326e+12 3.49e+01
 170 -6.406811952646e+12 3.51e+01
 171 -6.406809144785e+12 3.53e+01
 172 -6.406806348867e+12 3.55e+01
 173 -6.406803564831e+12 3.57e+01
 174 -6.406800790346e+12 3.59e+01
 175 -6.406798031846e+12 3.61e+01
 176 -6.406795289445e+12 3.63e+01
 177 -6.406792561473e+12 3.65e+01
 178 -6.406789848258e+12 3.67e+01
 179 -6.406787150195e+12 3.69e+01
 180 -6.406784468121e+12 3.70e+01
 181 -6.406781801946e+12 3.72e+01
 182 -6.406779151089e+12 3.73e+01
 183 -6.406776510926e+12 3.75e+01
 184 -6.406773888633e+12 3.76e+01
 185 -6.406771287724e+12 3.78e+01
 186 -6.406768702997e+12 3.79e+01
 187 -6.406766117674e+12 3.80e+01
 188 -6.406763568527e+12 3.81e+01
 189 -6.406761032212e+12 3.83e+01
 190 -6.406758518817e+12 3.84e+01
 191 -6.406756025340e+12 3.85e+01
 192 -6.406753548939e+12 3.86e+01
 193 -6.406751084831e+12 3.87e+01
 194 -6.406748639343e+12 3.87e+01
 195 -6.406746211332e+12 3.88e+01
 196 -6.406743802464e+12 3.89e+01
 197 -6.406741409339e+12 3.90e+01
 198 -6.406739031730e+12 3.90e+01
 199 -6.406736670504e+12 3.91e+01
 200 -6.406734322956e+12 3.91e+01
 201 -6.406731993827e+12 3.92e+01
 202 -6.406729679174e+12 3.92e+01
 203 -6.406727378841e+12 3.92e+01
 204 -6.406725092414e+12 3.92e+01
 205 -6.406722819035e+12 3.93e+01
 206 -6.406720559224e+12 3.93e+01
 207 -6.406718308569e+12 3.93e+01
 208 -6.406716070903e+12 3.93e+01
 209 -6.406713843331e+12 3.92e+01
 210 -6.406711629436e+12 3.92e+01
 211 -6.406709427636e+12 3.92e+01
 212 -6.406707235349e+12 3.92e+01
 213 -6.406705052404e+12 3.91e+01
 214 -6.406702879206e+12 3.91e+01
 215 -6.406700714853e+12 3.90e+01
 216 -6.406698559100e+12 3.90e+01
 217 -6.406696411428e+12 3.89e+01
 218 -6.406694271814e+12 3.88e+01
 219 -6.406692139753e+12 3.88e+01
 220 -6.406690015247e+12 3.87e+01
 221 -6.406687897865e+12 3.86e+01
 222 -6.406685784935e+12 3.85e+01
 223 -6.406683679116e+12 3.84e+01
 224 -6.406681581412e+12 3.83e+01
 225 -6.406679489112e+12 3.82e+01
 226 -6.406677402803e+12 3.81e+01
 227 -6.406675321948e+12 3.79e+01
 228 -6.406673242781e+12 3.78e+01
 229 -6.406671172047e+12 3.76e+01
 230 -6.406669106460e+12 3.75e+01
 231 -6.406667046285e+12 3.73e+01
 232 -6.406664992323e+12 3.72e+01
 233 -6.406662942954e+12 3.70e+01
 234 -6.406660899126e+12 3.68e+01
 235 -6.406658861058e+12 3.66e+01
 236 -6.406656827973e+12 3.63e+01
 237 -6.406654800862e+12 3.61e+01
 238 -6.406652779104e+12 3.59e+01
 239 -6.406650763111e+12 3.56e+01
 240 -6.406648752921e+12 3.54e+01
 241 -6.406646739122e+12 3.51e+01
 242 -6.406644737427e+12 3.49e+01
 243 -6.406642744053e+12 3.46e+01
 244 -6.406640755813e+12 3.44e+01
 245 -6.406638772724e+12 3.41e+01
 246 -6.406636795443e+12 3.39e+01
 247 -6.406634825253e+12 3.37e+01
 248 -6.406632860836e+12 3.34e+01
 249 -6.406630901931e+12 3.32e+01
 250 -6.406628948909e+12 3.30e+01
 251 -6.406627000355e+12 3.28e+01
 252 -6.406625053950e+12 3.25e+01
 253 -6.406623118086e+12 3.23e+01
 254 -6.406621187687e+12 3.21e+01
 255 -6.406619258385e+12 3.20e+01
 256 -6.406617332225e+12 3.18e+01
 257 -6.406615416547e+12 3.16e+01
 258 -6.406613510142e+12 3.14e+01
 259 -6.406611608834e+12 3.12e+01
 260 -6.406609715518e+12 3.11e+01
 261 -6.406607828314e+12 3.09e+01
 262 -6.406605923294e+12 3.08e+01
 263 -6.406604049932e+12 3.06e+01
 264 -6.406602183178e+12 3.04e+01
 265 -6.406600322967e+12 3.03e+01
 266 -6.406598470319e+12 3.02e+01
 267 -6.406596625563e+12 3.00e+01
 268 -6.406594787387e+12 2.99e+01
 269 -6.406592958030e+12 2.97e+01
 270 -6.406591136226e+12 2.95e+01
 271 -6.406589320234e+12 2.94e+01
 272 -6.406587513551e+12 2.92e+01
 273 -6.406585715210e+12 2.90e+01
 274 -6.406583925020e+12 2.88e+01
 275 -6.406582143012e+12 2.86e+01
 276 -6.406580369052e+12 2.84e+01
 277 -6.406578602057e+12 2.82e+01
 278 -6.406576845126e+12 2.80e+01
 279 -6.406575096770e+12 2.78e+01
 280 -6.406573357317e+12 2.76e+01
 281 -6.406571625383e+12 2.74e+01
 282 -6.406569903287e+12 2.72e+01
 283 -6.406568190112e+12 2.70e+01
 284 -6.406566478414e+12 2.68e+01
 285 -6.406564780391e+12 2.66e+01
 286 -6.406563091862e+12 2.64e+01
 287 -6.406561411834e+12 2.62e+01
 288 -6.406559741407e+12 2.60e+01
 289 -6.406558079494e+12 2.58e+01
 290 -6.406556426324e+12 2.55e+01
 291 -6.406554781628e+12 2.53e+01
 292 -6.406553145578e+12 2.51e+01
 293 -6.406551517799e+12 2.49e+01
 294 -6.406549897769e+12 2.47e+01
 295 -6.406548285626e+12 2.45e+01
 296 -6.406546681992e+12 2.43e+01
 297 -6.406545085887e+12 2.40e+01
 298 -6.406543493794e+12 2.38e+01
 299 -6.406541909521e+12 2.36e+01
 300 -6.406540336480e+12 2.34e+01
 301 -6.406538770645e+12 2.32e+01
 302 -6.406537211912e+12 2.30e+01
 303 -6.406535661165e+12 2.28e+01
 304 -6.406534117014e+12 2.26e+01
 305 -6.406532580004e+12 2.24e+01
 306 -6.406531050189e+12 2.22e+01
 307 -6.406529526619e+12 2.20e+01
 308 -6.406528009396e+12 2.18e+01
 309 -6.406526499093e+12 2.16e+01
 310 -6.406524993269e+12 2.14e+01
 311 -6.406523492371e+12 2.12e+01
 312 -6.406521999339e+12 2.10e+01
 313 -6.406520510635e+12 2.08e+01
 314 -6.406519027806e+12 2.06e+01
 315 -6.406517550790e+12 2.04e+01
 316 -6.406516078355e+12 2.02e+01
 317 -6.406514610891e+12 2.00e+01
 318 -6.406513146153e+12 1.98e+01
 319 -6.406511688645e+12 1.96e+01
 320 -6.406510235799e+12 1.94e+01
 321 -6.406508786967e+12 1.92e+01
 322 -6.406507342658e+12 1.90e+01
 323 -6.406505900102e+12 1.88e+01
 324 -6.406504461632e+12 1.86e+01
 325 -6.406503029310e+12 1.84e+01
 326 -6.406501601106e+12 1.82e+01
 327 -6.406500176367e+12 1.80e+01
 328 -6.406498755536e+12 1.78e+01
 329 -6.406497336539e+12 1.76e+01
 330 -6.406495917945e+12 1.74e+01
 331 -6.406494507091e+12 1.72e+01
 332 -6.406493099961e+12 1.70e+01
 333 -6.406491697268e+12 1.68e+01
 334 -6.406490298338e+12 1.67e+01
 335 -6.406488887586e+12 1.65e+01
 336 -6.406487481414e+12 1.63e+01
 337 -6.406486089751e+12 1.62e+01
 338 -6.406484694979e+12 1.60e+01
 339 -6.406483310616e+12 1.59e+01
 340 -6.406481929670e+12 1.57e+01
 341 -6.406480543938e+12 1.56e+01
 342 -6.406479150346e+12 1.55e+01
 343 -6.406477778646e+12 1.54e+01
 344 -6.406476410125e+12 1.54e+01
 345 -6.406475043921e+12 1.55e+01
 346 -6.406473680737e+12 1.57e+01
 347 -6.406472320686e+12 1.58e+01
 348 -6.406470961223e+12 1.59e+01
 349 -6.406469601152e+12 1.61e+01
 350 -6.406468244616e+12 1.62e+01
 351 -6.406466893825e+12 1.63e+01
 352 -6.406465545590e+12 1.65e+01
 353 -6.406464199686e+12 1.66e+01
 354 -6.406462857026e+12 1.67e+01
 355 -6.406461516758e+12 1.68e+01
 356 -6.406460178748e+12 1.70e+01
 357 -6.406458845208e+12 1.71e+01
 358 -6.406457512399e+12 1.72e+01
 359 -6.406456184475e+12 1.73e+01
 360 -6.406454858030e+12 1.74e+01
 361 -6.406453535343e+12 1.76e+01
 362 -6.406452216853e+12 1.77e+01
 363 -6.406450901100e+12 1.78e+01
 364 -6.406449588915e+12 1.79e+01
 365 -6.406448280792e+12 1.80e+01
 366 -6.406446975307e+12 1.81e+01
 367 -6.406445673674e+12 1.82e+01
 368 -6.406444375727e+12 1.83e+01
 369 -6.406443081667e+12 1.84e+01
 370 -6.406441790379e+12 1.85e+01
 371 -6.406440481254e+12 1.86e+01
 372 -6.406439195728e+12 1.87e+01
 373 -6.406437916717e+12 1.88e+01
 374 -6.406436641665e+12 1.89e+01
 375 -6.406435371226e+12 1.90e+01
 376 -6.406434102486e+12 1.91e+01
 377 -6.406432839114e+12 1.91e+01
 378 -6.406431578961e+12 1.92e+01
 379 -6.406430320856e+12 1.93e+01
 380 -6.406429068259e+12 1.94e+01
 381 -6.406427818757e+12 1.94e+01
 382 -6.406426553125e+12 1.95e+01
 383 -6.406425308975e+12 1.96e+01
 384 -6.406424067579e+12 1.96e+01
 385 -6.406422829268e+12 1.97e+01
 386 -6.406421595480e+12 1.98e+01
 387 -6.406420364643e+12 1.98e+01
 388 -6.406419136551e+12 1.99e+01
 389 -6.406417911212e+12 1.99e+01
 390 -6.406416688683e+12 2.00e+01
 391 -6.406415468304e+12 2.00e+01
 392 -6.406414250242e+12 2.01e+01
 393 -6.406413034589e+12 2.01e+01
 394 -6.406411820457e+12 2.02e+01
 395 -6.406410608495e+12 2.02e+01
 396 -6.406409397948e+12 2.03e+01
