Loading factors and loadings.

Loaded 55863 x 20 factors matrix, and 11688 x 20 loadings matrix
summary of elements in topic matrix (normalized)

average proportion 1.7900936218964297e-05
median proportion  1.3421997924990806e-08
max proportion     0.15920010478698723
###-----------------------------###

TOPIC 1 TOP GENES:

proportion of top 10 genes: 0.8095555328569688
gene names

['ENSG00000198804.2' 'ENSG00000198886.2' 'ENSG00000210082.2'
 'ENSG00000198938.2' 'ENSG00000198727.2' 'ENSG00000198712.1'
 'ENSG00000198899.2' 'ENSG00000198763.3' 'ENSG00000198888.2'
 'ENSG00000198786.2']
gene proportions
[0.1592001  0.13294009 0.10053007 0.07917405 0.06982605 0.06613704
 0.06009504 0.05598404 0.05534004 0.03032902]


###-----------------------------###

TOPIC 5 TOP GENES:

proportion of top 10 genes: 0.36090581773073016
gene names

['ENSG00000204983.8' 'ENSG00000091704.5' 'ENSG00000175535.6'
 'ENSG00000169347.12' 'ENSG00000115386.5' 'ENSG00000153002.7'
 'ENSG00000170835.10' 'ENSG00000142789.15' 'ENSG00000137392.5'
 'ENSG00000168928.8']
gene proportions
[0.06265997 0.05907897 0.04265898 0.04076398 0.03701898 0.03335398
 0.02505599 0.02418999 0.02034199 0.01578299]


###-----------------------------###

TOPIC 2 TOP GENES:

proportion of top 10 genes: 0.25247099504980264
gene names

['ENSG00000244734.2' 'ENSG00000188536.8' 'ENSG00000163220.10'
 'ENSG00000223609.3' 'ENSG00000119535.13' 'ENSG00000087086.9'
 'ENSG00000075624.9' 'ENSG00000206172.4' 'ENSG00000234745.5'
 'ENSG00000204525.10']
gene proportions
[0.14818029 0.03492707 0.01542503 0.01194102 0.00808022 0.00779102
 0.00770312 0.00669151 0.00623561 0.00549611]


###-----------------------------###

TOPIC 11 TOP GENES:

proportion of top 10 genes: 0.22826280845659064
gene names

['ENSG00000096088.12' 'ENSG00000182333.10' 'ENSG00000198886.2'
 'ENSG00000198804.2' 'ENSG00000229859.4' 'ENSG00000198727.2'
 'ENSG00000198763.3' 'ENSG00000169605.5' 'ENSG00000198712.1'
 'ENSG00000198899.2']
gene proportions
[0.09292396 0.05671698 0.01781999 0.01526699 0.010521   0.0075899
 0.0074166  0.0070865  0.0065729  0.006348  ]


###-----------------------------###

TOPIC 14 TOP GENES:

proportion of top 10 genes: 0.2022999439432416
gene names

['ENSG00000163631.12' 'ENSG00000197249.8' 'ENSG00000257017.4'
 'ENSG00000171560.10' 'ENSG00000198886.2' 'ENSG00000171564.7'
 'ENSG00000171557.12' 'ENSG00000132693.8' 'ENSG00000198804.2'
 'ENSG00000173432.6']
gene proportions
[0.04992099 0.02861999 0.02120099 0.02048899 0.02030399 0.014531
 0.01307    0.012426   0.011485   0.010253  ]


###-----------------------------###

TOPIC 6 TOP GENES:

proportion of top 10 genes: 0.17179871153553117
gene names

['ENSG00000143632.10' 'ENSG00000104879.4' 'ENSG00000155657.19'
 'ENSG00000198804.2' 'ENSG00000092054.12' 'ENSG00000175084.7'
 'ENSG00000198886.2' 'ENSG00000183091.15' 'ENSG00000196091.8'
 'ENSG00000198125.8']
gene proportions
[0.03100495 0.02369696 0.02036097 0.02016897 0.01479198 0.01454698
 0.01354198 0.01279098 0.01056698 0.01032798]


###-----------------------------###

TOPIC 8 TOP GENES:

proportion of top 10 genes: 0.1498221928259223
gene names

['ENSG00000171401.10' 'ENSG00000170477.8' 'ENSG00000205420.6'
 'ENSG00000186081.7' 'ENSG00000163209.10' 'ENSG00000163220.10'
 'ENSG00000135046.9' 'ENSG00000143536.7' 'ENSG00000143546.5'
 'ENSG00000140519.8']
gene proportions
[0.03825902 0.03058902 0.01292101 0.01241301 0.01167101 0.01128101
 0.00900291 0.00841811 0.0077968  0.0074703 ]


###-----------------------------###

TOPIC 18 TOP GENES:

proportion of top 10 genes: 0.14240842537064413
gene names

['ENSG00000198804.2' 'ENSG00000092054.12' 'ENSG00000197616.7'
 'ENSG00000175084.7' 'ENSG00000159251.6' 'ENSG00000175206.6'
 'ENSG00000198125.8' 'ENSG00000140416.15' 'ENSG00000118194.14'
 'ENSG00000198886.2']
gene proportions
[0.021058  0.019913  0.018288  0.016975  0.014316  0.01405   0.01087
 0.0093291 0.0090119 0.0085974]


###-----------------------------###

TOPIC 4 TOP GENES:

proportion of top 10 genes: 0.12971094828054835
gene names

['ENSG00000115414.14' 'ENSG00000108821.9' 'ENSG00000164692.13'
 'ENSG00000156508.13' 'ENSG00000163359.11' 'ENSG00000168542.8'
 'ENSG00000075624.9' 'ENSG00000137801.9' 'ENSG00000087086.9'
 'ENSG00000142173.10']
gene proportions
[0.06461602 0.011955   0.010727   0.010034   0.0063659  0.0058708
 0.0057273  0.0054403  0.0048271  0.0041475 ]


###-----------------------------###

TOPIC 12 TOP GENES:

proportion of top 10 genes: 0.12622690680771895
gene names

['ENSG00000210082.2' 'ENSG00000197971.10' 'ENSG00000131095.7'
 'ENSG00000211459.2' 'ENSG00000198763.3' 'ENSG00000198712.1'
 'ENSG00000123560.9' 'ENSG00000120885.15' 'ENSG00000180354.11'
 'ENSG00000198899.2']
gene proportions
[0.047529  0.020907  0.012958  0.012777  0.0074152 0.0069153 0.006281
 0.0047516 0.0034302 0.0032626]


###-----------------------------###

TOPIC 9 TOP GENES:

proportion of top 10 genes: 0.11731076536761667
gene names

['ENSG00000133392.12' 'ENSG00000196924.10' 'ENSG00000175084.7'
 'ENSG00000075624.9' 'ENSG00000163017.9' 'ENSG00000198886.2'
 'ENSG00000198467.9' 'ENSG00000149591.12' 'ENSG00000156508.13'
 'ENSG00000159176.9']
gene proportions
[0.02505201 0.01939501 0.01675901 0.01300201 0.01042501 0.008037
 0.0070002  0.0063088  0.0061455  0.0051862 ]


###-----------------------------###

TOPIC 19 TOP GENES:

proportion of top 10 genes: 0.11079072371157256
gene names

['ENSG00000198804.2' 'ENSG00000171195.6' 'ENSG00000198886.2'
 'ENSG00000198712.1' 'ENSG00000198938.2' 'ENSG00000211895.3'
 'ENSG00000162078.7' 'ENSG00000198727.2' 'ENSG00000198899.2'
 'ENSG00000211890.3']
gene proportions
[0.020875  0.015976  0.015506  0.010788  0.009679  0.0090362 0.0082014
 0.007632  0.0067179 0.0063792]


###-----------------------------###

TOPIC 10 TOP GENES:

proportion of top 10 genes: 0.103803304495111
gene names

['ENSG00000186395.6' 'ENSG00000167768.4' 'ENSG00000198804.2'
 'ENSG00000186081.7' 'ENSG00000186847.5' 'ENSG00000172867.3'
 'ENSG00000096696.9' 'ENSG00000198938.2' 'ENSG00000156508.13'
 'ENSG00000198886.2']
gene proportions
[0.025689  0.019734  0.010147  0.0089101 0.0075042 0.0073185 0.0064443
 0.0063977 0.0062839 0.0053746]


###-----------------------------###

TOPIC 17 TOP GENES:

proportion of top 10 genes: 0.07948678499949904
gene names

['ENSG00000042832.7' 'ENSG00000245532.4' 'ENSG00000211445.7'
 'ENSG00000198886.2' 'ENSG00000156508.13' 'ENSG00000198938.2'
 'ENSG00000115705.16' 'ENSG00000164733.16' 'ENSG00000087460.19'
 'ENSG00000198727.2']
gene proportions
[0.03281699 0.0087312  0.0066069  0.0061225  0.0054231  0.0052009
 0.0044792  0.003665   0.0032802  0.0031608 ]


###-----------------------------###

TOPIC 3 TOP GENES:

proportion of top 10 genes: 0.07597574545337356
gene names

['ENSG00000196924.10' 'ENSG00000075624.9' 'ENSG00000115414.14'
 'ENSG00000149591.12' 'ENSG00000107796.8' 'ENSG00000182492.11'
 'ENSG00000133392.12' 'ENSG00000111341.5' 'ENSG00000198467.9'
 'ENSG00000143248.8']
gene proportions
[0.01450401 0.01012601 0.00870951 0.0076198  0.0067744  0.0066046
 0.0065382  0.0050841  0.0050204  0.0049947 ]


###-----------------------------###

TOPIC 13 TOP GENES:

proportion of top 10 genes: 0.0744226910336759
gene names

['ENSG00000172179.7' 'ENSG00000115138.6' 'ENSG00000259384.2'
 'ENSG00000198886.2' 'ENSG00000198727.2' 'ENSG00000198938.2'
 'ENSG00000198899.2' 'ENSG00000214548.10' 'ENSG00000198712.1'
 'ENSG00000198763.3']
gene proportions
[0.017557  0.01202   0.0096671 0.0072751 0.0052305 0.0049966 0.0046826
 0.0044021 0.0043254 0.0042663]


###-----------------------------###

TOPIC 20 TOP GENES:

proportion of top 10 genes: 0.06412921506140609
gene names

['ENSG00000198886.2' 'ENSG00000198763.3' 'ENSG00000211445.7'
 'ENSG00000198888.2' 'ENSG00000198727.2' 'ENSG00000156508.13'
 'ENSG00000198899.2' 'ENSG00000087086.9' 'ENSG00000198938.2'
 'ENSG00000135821.12']
gene proportions
[0.0096618 0.0080938 0.0073603 0.0066871 0.0064565 0.0061254 0.00515
 0.0050938 0.0050024 0.0044981]


###-----------------------------###

TOPIC 16 TOP GENES:

proportion of top 10 genes: 0.06105320193322876
gene names

['ENSG00000156508.13' 'ENSG00000075624.9' 'ENSG00000166710.13'
 'ENSG00000019582.10' 'ENSG00000198804.2' 'ENSG00000205542.6'
 'ENSG00000211896.2' 'ENSG00000211895.3' 'ENSG00000234745.5'
 'ENSG00000211899.3']
gene proportions
[0.010094  0.0094404 0.0064762 0.0063794 0.0056687 0.0052209 0.0051604
 0.0045307 0.0040563 0.0040262]


###-----------------------------###

TOPIC 15 TOP GENES:

proportion of top 10 genes: 0.06051317008019611
gene names

['ENSG00000168878.12' 'ENSG00000168484.8' 'ENSG00000148795.5'
 'ENSG00000185303.11' 'ENSG00000198886.2' 'ENSG00000160882.7'
 'ENSG00000122852.10' 'ENSG00000122304.6' 'ENSG00000198938.2'
 'ENSG00000198888.2']
gene proportions
[0.01132999 0.0070769  0.0068407  0.0064149  0.0061077  0.0057446
 0.0052067  0.0047147  0.0036235  0.0034535 ]


###-----------------------------###

TOPIC 7 TOP GENES:

proportion of top 10 genes: 0.04324577562745648
gene names

['ENSG00000156508.13' 'ENSG00000198886.2' 'ENSG00000124942.9'
 'ENSG00000245532.4' 'ENSG00000189058.4' 'ENSG00000198763.3'
 'ENSG00000011465.12' 'ENSG00000198727.2' 'ENSG00000198938.2'
 'ENSG00000115461.4']
gene proportions
[0.0070485 0.0054305 0.0045035 0.0043654 0.0041739 0.0041578 0.0035995
 0.0034724 0.0033243 0.00317  ]


3.6.8 |Anaconda, Inc.| (default, Dec 29 2018, 19:04:46) 
[GCC 4.2.1 Compatible Clang 4.0.1 (tags/RELEASE_401/final)]
numpy 1.14.2
