Loading factors and loadings.

Loaded 55863 x 20 factors matrix, and 11688 x 20 loadings matrix
summary of elements in topic matrix (normalized)

average proportion 1.790093621896438e-05
median proportion  3.1350274979539093e-09
max proportion     0.1401583219523958
###-----------------------------###

TOPIC 1 TOP GENES:

proportion of top 10 genes: 0.5734483605267949
gene names

['ENSG00000198804.2' 'ENSG00000198886.2' 'ENSG00000210082.2'
 'ENSG00000198938.2' 'ENSG00000198712.1' 'ENSG00000198727.2'
 'ENSG00000198899.2' 'ENSG00000198763.3' 'ENSG00000198888.2'
 'ENSG00000198786.2']
gene proportions
[0.10316084 0.09336166 0.07351035 0.05591362 0.05194335 0.04774598
 0.04431462 0.04292448 0.04003752 0.02053594]


###-----------------------------###

TOPIC 5 TOP GENES:

proportion of top 10 genes: 0.3802011215062478
gene names

['ENSG00000204983.8' 'ENSG00000091704.5' 'ENSG00000175535.6'
 'ENSG00000169347.12' 'ENSG00000115386.5' 'ENSG00000153002.7'
 'ENSG00000170835.10' 'ENSG00000142789.15' 'ENSG00000137392.5'
 'ENSG00000168928.8']
gene proportions
[0.06611842 0.06235051 0.04501951 0.04301373 0.03839166 0.03521301
 0.02644199 0.02552834 0.0214672  0.01665674]


###-----------------------------###

TOPIC 11 TOP GENES:

proportion of top 10 genes: 0.2612720192678507
gene names

['ENSG00000096088.12' 'ENSG00000182333.10' 'ENSG00000198804.2'
 'ENSG00000198886.2' 'ENSG00000229859.4' 'ENSG00000198727.2'
 'ENSG00000169605.5' 'ENSG00000198763.3' 'ENSG00000198888.2'
 'ENSG00000198899.2']
gene proportions
[0.10560334 0.06445286 0.02098153 0.0203031  0.0119561  0.00895836
 0.00805416 0.00763158 0.00683586 0.00649511]


###-----------------------------###

TOPIC 2 TOP GENES:

proportion of top 10 genes: 0.24079906412099528
gene names

['ENSG00000244734.2' 'ENSG00000188536.8' 'ENSG00000163220.10'
 'ENSG00000223609.3' 'ENSG00000075624.9' 'ENSG00000087086.9'
 'ENSG00000119535.13' 'ENSG00000234745.5' 'ENSG00000206172.4'
 'ENSG00000166710.13']
gene proportions
[0.14015832 0.03303945 0.0146151  0.01130041 0.00806451 0.0077441
 0.00757734 0.00643706 0.00633082 0.00553196]


###-----------------------------###

TOPIC 14 TOP GENES:

proportion of top 10 genes: 0.2273621964690619
gene names

['ENSG00000163631.12' 'ENSG00000197249.8' 'ENSG00000198886.2'
 'ENSG00000257017.4' 'ENSG00000171560.10' 'ENSG00000198804.2'
 'ENSG00000171564.7' 'ENSG00000171557.12' 'ENSG00000132693.8'
 'ENSG00000173432.6']
gene proportions
[0.05382683 0.03068916 0.0256595  0.02301803 0.02210284 0.01780036
 0.01566544 0.01416213 0.01339191 0.01104598]


###-----------------------------###

TOPIC 9 TOP GENES:

proportion of top 10 genes: 0.22591200924276786
gene names

['ENSG00000133392.12' 'ENSG00000196924.10' 'ENSG00000075624.9'
 'ENSG00000175084.7' 'ENSG00000149591.12' 'ENSG00000163017.9'
 'ENSG00000198467.9' 'ENSG00000107796.8' 'ENSG00000159176.9'
 'ENSG00000122786.15']
gene proportions
[0.04629421 0.04438962 0.02671729 0.025765   0.01775199 0.01633501
 0.01624328 0.01309432 0.01019001 0.00913127]


###-----------------------------###

TOPIC 16 TOP GENES:

proportion of top 10 genes: 0.22577649084955181
gene names

['ENSG00000171195.6' 'ENSG00000162078.7' 'ENSG00000211895.3'
 'ENSG00000090382.2' 'ENSG00000117983.13' 'ENSG00000198804.2'
 'ENSG00000211890.3' 'ENSG00000198886.2' 'ENSG00000245532.4'
 'ENSG00000160862.8']
gene proportions
[0.07276129 0.03739753 0.03007245 0.01679268 0.01410412 0.01316067
 0.01189373 0.01168253 0.00980774 0.00810376]


###-----------------------------###

TOPIC 18 TOP GENES:

proportion of top 10 genes: 0.21177397398430317
gene names

['ENSG00000198804.2' 'ENSG00000092054.12' 'ENSG00000197616.7'
 'ENSG00000175084.7' 'ENSG00000198886.2' 'ENSG00000159251.6'
 'ENSG00000175206.6' 'ENSG00000198727.2' 'ENSG00000198938.2'
 'ENSG00000198125.8']
gene proportions
[0.04516456 0.02427561 0.02293131 0.02059176 0.02015057 0.01802989
 0.01766588 0.01618681 0.01344869 0.01332889]


###-----------------------------###

TOPIC 6 TOP GENES:

proportion of top 10 genes: 0.20527585224457978
gene names

['ENSG00000143632.10' 'ENSG00000198804.2' 'ENSG00000104879.4'
 'ENSG00000155657.19' 'ENSG00000198886.2' 'ENSG00000092054.12'
 'ENSG00000175084.7' 'ENSG00000183091.15' 'ENSG00000196091.8'
 'ENSG00000198125.8']
gene proportions
[0.03611639 0.02783284 0.0273517  0.02356722 0.01765103 0.01726086
 0.01689918 0.01461293 0.01203405 0.01194966]


###-----------------------------###

TOPIC 12 TOP GENES:

proportion of top 10 genes: 0.17731238114086378
gene names

['ENSG00000210082.2' 'ENSG00000197971.10' 'ENSG00000131095.7'
 'ENSG00000211459.2' 'ENSG00000123560.9' 'ENSG00000120885.15'
 'ENSG00000180354.11' 'ENSG00000110436.7' 'ENSG00000155980.7'
 'ENSG00000135821.12']
gene proportions
[0.06496956 0.0349829  0.02143653 0.01935906 0.01055304 0.00708246
 0.00567839 0.00506767 0.00424681 0.00393597]


###-----------------------------###

TOPIC 8 TOP GENES:

proportion of top 10 genes: 0.15630200888783766
gene names

['ENSG00000171401.10' 'ENSG00000170477.8' 'ENSG00000205420.6'
 'ENSG00000186081.7' 'ENSG00000163209.10' 'ENSG00000163220.10'
 'ENSG00000135046.9' 'ENSG00000143536.7' 'ENSG00000143546.5'
 'ENSG00000140519.8']
gene proportions
[0.03965264 0.03170104 0.01380025 0.01312749 0.01209627 0.01179366
 0.00946555 0.00874091 0.00814055 0.00778364]


###-----------------------------###

TOPIC 20 TOP GENES:

proportion of top 10 genes: 0.14598654986130866
gene names

['ENSG00000211445.7' 'ENSG00000198763.3' 'ENSG00000198888.2'
 'ENSG00000135821.12' 'ENSG00000170323.4' 'ENSG00000169710.6'
 'ENSG00000167676.3' 'ENSG00000196616.8' 'ENSG00000198727.2'
 'ENSG00000148180.12']
gene proportions
[0.02331415 0.02164885 0.0173212  0.01523594 0.01464035 0.01343462
 0.01202315 0.00955069 0.00948717 0.00933041]


###-----------------------------###

TOPIC 4 TOP GENES:

proportion of top 10 genes: 0.1315551000530901
gene names

['ENSG00000115414.14' 'ENSG00000108821.9' 'ENSG00000164692.13'
 'ENSG00000156508.13' 'ENSG00000168542.8' 'ENSG00000163359.11'
 'ENSG00000075624.9' 'ENSG00000137801.9' 'ENSG00000087086.9'
 'ENSG00000184009.5']
gene proportions
[0.06718133 0.01099721 0.01083076 0.01030691 0.00600517 0.00584578
 0.00569513 0.005212   0.00514164 0.00433916]


###-----------------------------###

TOPIC 17 TOP GENES:

proportion of top 10 genes: 0.12590456405314
gene names

['ENSG00000042832.7' 'ENSG00000245532.4' 'ENSG00000211445.7'
 'ENSG00000115705.16' 'ENSG00000164733.16' 'ENSG00000198938.2'
 'ENSG00000087460.19' 'ENSG00000125618.12' 'ENSG00000198886.2'
 'ENSG00000251562.3']
gene proportions
[0.06531118 0.0129452  0.01016068 0.00885935 0.00613849 0.00529286
 0.00498679 0.00424636 0.00423763 0.00372602]


###-----------------------------###

TOPIC 10 TOP GENES:

proportion of top 10 genes: 0.11355084736200073
gene names

['ENSG00000186395.6' 'ENSG00000167768.4' 'ENSG00000186081.7'
 'ENSG00000198804.2' 'ENSG00000186847.5' 'ENSG00000172867.3'
 'ENSG00000096696.9' 'ENSG00000156508.13' 'ENSG00000112378.11'
 'ENSG00000198938.2']
gene proportions
[0.03010702 0.02306396 0.01023815 0.00929236 0.00868793 0.0085575
 0.00750141 0.00625766 0.00536741 0.00447745]


###-----------------------------###

TOPIC 19 TOP GENES:

proportion of top 10 genes: 0.08920820926739097
gene names

['ENSG00000198804.2' 'ENSG00000198886.2' 'ENSG00000198712.1'
 'ENSG00000211895.3' 'ENSG00000162896.5' 'ENSG00000211890.3'
 'ENSG00000142515.10' 'ENSG00000198788.7' 'ENSG00000245532.4'
 'ENSG00000090920.9']
gene proportions
[0.02540655 0.01073892 0.01005241 0.00787666 0.00760257 0.00717239
 0.00673661 0.00488889 0.00438852 0.00434468]


###-----------------------------###

TOPIC 3 TOP GENES:

proportion of top 10 genes: 0.06913771438553412
gene names

['ENSG00000198886.2' 'ENSG00000198938.2' 'ENSG00000198727.2'
 'ENSG00000156508.13' 'ENSG00000198899.2' 'ENSG00000198804.2'
 'ENSG00000198712.1' 'ENSG00000198763.3' 'ENSG00000245532.4'
 'ENSG00000198888.2']
gene proportions
[0.01430501 0.00826204 0.00794489 0.0078168  0.00666333 0.00591521
 0.00476855 0.00476726 0.0043551  0.00433953]


###-----------------------------###

TOPIC 13 TOP GENES:

proportion of top 10 genes: 0.05910811297648876
gene names

['ENSG00000172179.7' 'ENSG00000115138.6' 'ENSG00000259384.2'
 'ENSG00000214548.10' 'ENSG00000087460.19' 'ENSG00000132639.8'
 'ENSG00000008710.13' 'ENSG00000089199.5' 'ENSG00000198668.6'
 'ENSG00000167658.11']
gene proportions
[0.01651475 0.01131448 0.00909205 0.00477417 0.00434292 0.00332268
 0.0029029  0.00282204 0.00226854 0.00175358]


###-----------------------------###

TOPIC 15 TOP GENES:

proportion of top 10 genes: 0.04224442138165396
gene names

['ENSG00000156508.13' 'ENSG00000075624.9' 'ENSG00000168878.12'
 'ENSG00000166710.13' 'ENSG00000019582.10' 'ENSG00000205542.6'
 'ENSG00000211896.2' 'ENSG00000168484.8' 'ENSG00000148795.5'
 'ENSG00000087086.9']
gene proportions
[0.00687976 0.00645898 0.00519153 0.00415289 0.00391333 0.00328352
 0.00326579 0.0031331  0.00302431 0.00294123]


###-----------------------------###

TOPIC 7 TOP GENES:

proportion of top 10 genes: 0.03874307645894944
gene names

['ENSG00000156508.13' 'ENSG00000210082.2' 'ENSG00000198763.3'
 'ENSG00000167658.11' 'ENSG00000245532.4' 'ENSG00000124942.9'
 'ENSG00000100316.11' 'ENSG00000251562.3' 'ENSG00000167978.12'
 'ENSG00000174444.10']
gene proportions
[0.00671335 0.00613168 0.00556319 0.0038919  0.00287273 0.00283292
 0.00280731 0.00273884 0.00263336 0.0025578 ]


3.6.8 |Anaconda, Inc.| (default, Dec 29 2018, 19:04:46) 
[GCC 4.2.1 Compatible Clang 4.0.1 (tags/RELEASE_401/final)]
numpy 1.14.2
