Loading factors and loadings.

Loaded 55863 x 20 factors matrix, and 11688 x 20 loadings matrix
summary of elements in topic matrix (normalized)

average proportion 1.7900936218964233e-05
median proportion  1.54686962724655e-08
max proportion     0.156022728370499
###-----------------------------###

TOPIC 1 TOP GENES:

proportion of top 10 genes: 0.8095656652846358
gene names

['ENSG00000198804.2' 'ENSG00000198886.2' 'ENSG00000210082.2'
 'ENSG00000198938.2' 'ENSG00000198727.2' 'ENSG00000198712.1'
 'ENSG00000198899.2' 'ENSG00000198763.3' 'ENSG00000198888.2'
 'ENSG00000198786.2']
gene proportions
[0.15602273 0.13495666 0.09783619 0.07759658 0.07119038 0.06759428
 0.06030404 0.05739744 0.05538033 0.03128704]


###-----------------------------###

TOPIC 5 TOP GENES:

proportion of top 10 genes: 0.3608401803386765
gene names

['ENSG00000204983.8' 'ENSG00000091704.5' 'ENSG00000175535.6'
 'ENSG00000169347.12' 'ENSG00000115386.5' 'ENSG00000153002.7'
 'ENSG00000170835.10' 'ENSG00000142789.15' 'ENSG00000137392.5'
 'ENSG00000168928.8']
gene proportions
[0.06275421 0.05917205 0.04272689 0.04080913 0.03647667 0.03339705
 0.02509328 0.02422819 0.02037447 0.01580824]


###-----------------------------###

TOPIC 2 TOP GENES:

proportion of top 10 genes: 0.24752728438677987
gene names

['ENSG00000244734.2' 'ENSG00000188536.8' 'ENSG00000163220.10'
 'ENSG00000223609.3' 'ENSG00000075624.9' 'ENSG00000119535.13'
 'ENSG00000087086.9' 'ENSG00000206172.4' 'ENSG00000234745.5'
 'ENSG00000204525.10']
gene proportions
[0.14558393 0.03431527 0.01478233 0.01173222 0.00782132 0.00762923
 0.00753954 0.00657457 0.00618585 0.00536303]


###-----------------------------###

TOPIC 11 TOP GENES:

proportion of top 10 genes: 0.2266996232107288
gene names

['ENSG00000096088.12' 'ENSG00000182333.10' 'ENSG00000198886.2'
 'ENSG00000198804.2' 'ENSG00000229859.4' 'ENSG00000198727.2'
 'ENSG00000198763.3' 'ENSG00000169605.5' 'ENSG00000198899.2'
 'ENSG00000198888.2']
gene proportions
[0.09209367 0.05620971 0.01778987 0.01541332 0.01042754 0.0075531
 0.00741418 0.00702359 0.00645994 0.0063147 ]


###-----------------------------###

TOPIC 14 TOP GENES:

proportion of top 10 genes: 0.2017170708230952
gene names

['ENSG00000163631.12' 'ENSG00000197249.8' 'ENSG00000257017.4'
 'ENSG00000171560.10' 'ENSG00000198886.2' 'ENSG00000171564.7'
 'ENSG00000171557.12' 'ENSG00000132693.8' 'ENSG00000198804.2'
 'ENSG00000173432.6']
gene proportions
[0.04993631 0.02832949 0.02129928 0.02049857 0.01968839 0.01453732
 0.01309673 0.01242812 0.01165465 0.0102482 ]


###-----------------------------###

TOPIC 6 TOP GENES:

proportion of top 10 genes: 0.17529426241758408
gene names

['ENSG00000143632.10' 'ENSG00000198804.2' 'ENSG00000104879.4'
 'ENSG00000155657.19' 'ENSG00000198886.2' 'ENSG00000092054.12'
 'ENSG00000175084.7' 'ENSG00000183091.15' 'ENSG00000198727.2'
 'ENSG00000196091.8']
gene proportions
[0.03015716 0.02408681 0.02302643 0.01979123 0.01643794 0.01438123
 0.01413172 0.01241849 0.01063871 0.01022454]


###-----------------------------###

TOPIC 18 TOP GENES:

proportion of top 10 genes: 0.15703393626185452
gene names

['ENSG00000198804.2' 'ENSG00000092054.12' 'ENSG00000197616.7'
 'ENSG00000198886.2' 'ENSG00000175084.7' 'ENSG00000159251.6'
 'ENSG00000175206.6' 'ENSG00000198938.2' 'ENSG00000198727.2'
 'ENSG00000198899.2']
gene proportions
[0.03075795 0.01816658 0.01670869 0.01577949 0.01529175 0.01312362
 0.01284058 0.01155715 0.01149396 0.01131417]


###-----------------------------###

TOPIC 8 TOP GENES:

proportion of top 10 genes: 0.14562116172252465
gene names

['ENSG00000171401.10' 'ENSG00000170477.8' 'ENSG00000205420.6'
 'ENSG00000186081.7' 'ENSG00000163209.10' 'ENSG00000163220.10'
 'ENSG00000135046.9' 'ENSG00000143536.7' 'ENSG00000143546.5'
 'ENSG00000140519.8']
gene proportions
[0.03721312 0.02975346 0.012568   0.01201546 0.01135339 0.01095501
 0.00873756 0.00818827 0.00757334 0.00726356]


###-----------------------------###

TOPIC 19 TOP GENES:

proportion of top 10 genes: 0.13764088471476832
gene names

['ENSG00000198804.2' 'ENSG00000198886.2' 'ENSG00000198712.1'
 'ENSG00000198938.2' 'ENSG00000198727.2' 'ENSG00000198899.2'
 'ENSG00000211895.3' 'ENSG00000198888.2' 'ENSG00000198763.3'
 'ENSG00000211890.3']
gene proportions
[0.03484222 0.02125003 0.01635554 0.01565184 0.01047938 0.00953448
 0.00794032 0.00752851 0.0074446  0.00661396]


###-----------------------------###

TOPIC 12 TOP GENES:

proportion of top 10 genes: 0.13394256440920202
gene names

['ENSG00000210082.2' 'ENSG00000197971.10' 'ENSG00000211459.2'
 'ENSG00000131095.7' 'ENSG00000198763.3' 'ENSG00000198712.1'
 'ENSG00000123560.9' 'ENSG00000198804.2' 'ENSG00000198899.2'
 'ENSG00000198938.2']
gene proportions
[0.05031259 0.02028052 0.01296067 0.01254991 0.008363   0.0081201
 0.00607596 0.00587367 0.00480693 0.00459922]


###-----------------------------###

TOPIC 16 TOP GENES:

proportion of top 10 genes: 0.13039304152611944
gene names

['ENSG00000171195.6' 'ENSG00000162078.7' 'ENSG00000198886.2'
 'ENSG00000198804.2' 'ENSG00000142515.10' 'ENSG00000090382.2'
 'ENSG00000245532.4' 'ENSG00000198727.2' 'ENSG00000198938.2'
 'ENSG00000211895.3']
gene proportions
[0.03749862 0.01923523 0.01537718 0.01004935 0.00911595 0.00824299
 0.00812126 0.00807402 0.00748957 0.00718887]


###-----------------------------###

TOPIC 4 TOP GENES:

proportion of top 10 genes: 0.12981155246939408
gene names

['ENSG00000115414.14' 'ENSG00000108821.9' 'ENSG00000164692.13'
 'ENSG00000156508.13' 'ENSG00000198804.2' 'ENSG00000168542.8'
 'ENSG00000163359.11' 'ENSG00000075624.9' 'ENSG00000137801.9'
 'ENSG00000087086.9']
gene proportions
[0.06406512 0.01137501 0.01081383 0.00961138 0.00686155 0.00583697
 0.0057721  0.00552031 0.00505624 0.00489904]


###-----------------------------###

TOPIC 10 TOP GENES:

proportion of top 10 genes: 0.1053942092320141
gene names

['ENSG00000186395.6' 'ENSG00000167768.4' 'ENSG00000198804.2'
 'ENSG00000186081.7' 'ENSG00000186847.5' 'ENSG00000198938.2'
 'ENSG00000172867.3' 'ENSG00000198886.2' 'ENSG00000156508.13'
 'ENSG00000096696.9']
gene proportions
[0.0249458  0.01916421 0.0119304  0.0085654  0.00723252 0.00722425
 0.00710718 0.00669632 0.00628379 0.00624434]


###-----------------------------###

TOPIC 9 TOP GENES:

proportion of top 10 genes: 0.09098469266365869
gene names

['ENSG00000196924.10' 'ENSG00000133392.12' 'ENSG00000075624.9'
 'ENSG00000175084.7' 'ENSG00000149591.12' 'ENSG00000198467.9'
 'ENSG00000163017.9' 'ENSG00000156508.13' 'ENSG00000107796.8'
 'ENSG00000159176.9']
gene proportions
[0.01778632 0.01732994 0.01191402 0.00949896 0.00711953 0.00630492
 0.00599658 0.00564017 0.00521324 0.004181  ]


###-----------------------------###

TOPIC 17 TOP GENES:

proportion of top 10 genes: 0.07698223706872655
gene names

['ENSG00000042832.7' 'ENSG00000245532.4' 'ENSG00000211445.7'
 'ENSG00000198886.2' 'ENSG00000156508.13' 'ENSG00000198938.2'
 'ENSG00000115705.16' 'ENSG00000164733.16' 'ENSG00000087460.19'
 'ENSG00000198727.2']
gene proportions
[0.03179664 0.00852181 0.00635961 0.00572035 0.00548849 0.00511326
 0.00433895 0.00348575 0.00318178 0.00297561]


###-----------------------------###

TOPIC 13 TOP GENES:

proportion of top 10 genes: 0.07383664096300596
gene names

['ENSG00000172179.7' 'ENSG00000115138.6' 'ENSG00000259384.2'
 'ENSG00000198886.2' 'ENSG00000198727.2' 'ENSG00000198938.2'
 'ENSG00000198899.2' 'ENSG00000214548.10' 'ENSG00000198712.1'
 'ENSG00000198763.3']
gene proportions
[0.01757812 0.01203367 0.0096791  0.00695601 0.00521996 0.00505778
 0.00464887 0.00425317 0.0042499  0.00416007]


###-----------------------------###

TOPIC 7 TOP GENES:

proportion of top 10 genes: 0.06285932217591253
gene names

['ENSG00000198886.2' 'ENSG00000198938.2' 'ENSG00000122304.6'
 'ENSG00000210082.2' 'ENSG00000198888.2' 'ENSG00000198763.3'
 'ENSG00000198804.2' 'ENSG00000198899.2' 'ENSG00000175646.3'
 'ENSG00000198712.1']
gene proportions
[0.01066656 0.00787799 0.00766842 0.00764622 0.00665607 0.00512571
 0.00466914 0.00428377 0.0042386  0.00402685]


###-----------------------------###

TOPIC 15 TOP GENES:

proportion of top 10 genes: 0.06027356919602034
gene names

['ENSG00000156508.13' 'ENSG00000075624.9' 'ENSG00000168878.12'
 'ENSG00000198804.2' 'ENSG00000166710.13' 'ENSG00000019582.10'
 'ENSG00000211896.2' 'ENSG00000168484.8' 'ENSG00000198886.2'
 'ENSG00000205542.6']
gene proportions
[0.00841492 0.00838716 0.00736926 0.00680255 0.00570539 0.00547954
 0.00460487 0.00451483 0.00450728 0.00448778]


###-----------------------------###

TOPIC 20 TOP GENES:

proportion of top 10 genes: 0.05842916115183609
gene names

['ENSG00000198886.2' 'ENSG00000198763.3' 'ENSG00000211445.7'
 'ENSG00000198888.2' 'ENSG00000156508.13' 'ENSG00000198727.2'
 'ENSG00000198938.2' 'ENSG00000198899.2' 'ENSG00000135821.12'
 'ENSG00000087086.9']
gene proportions
[0.00793321 0.00745363 0.00688064 0.00601547 0.00601248 0.00590471
 0.00513354 0.00453714 0.00436123 0.00419712]


###-----------------------------###

TOPIC 3 TOP GENES:

proportion of top 10 genes: 0.03746126005073692
gene names

['ENSG00000156508.13' 'ENSG00000198886.2' 'ENSG00000245532.4'
 'ENSG00000124942.9' 'ENSG00000189058.4' 'ENSG00000198763.3'
 'ENSG00000100316.11' 'ENSG00000115461.4' 'ENSG00000142541.12'
 'ENSG00000011465.12']
gene proportions
[0.00708065 0.00501886 0.00401239 0.00370838 0.00365734 0.00313263
 0.00292281 0.00287196 0.0025437  0.00251253]


3.6.8 |Anaconda, Inc.| (default, Dec 29 2018, 19:04:46) 
[GCC 4.2.1 Compatible Clang 4.0.1 (tags/RELEASE_401/final)]
numpy 1.14.2
