Loading factors and loadings.

Loaded 55863 x 20 factors matrix, and 11688 x 20 loadings matrix
summary of elements in topic matrix (normalized)

average proportion 1.790093621896431e-05
median proportion  1.3435867719115986e-08
max proportion     0.15925798647605177
###-----------------------------###

TOPIC 1 TOP GENES:

proportion of top 10 genes: 0.8098727173554547
gene names

['ENSG00000198804.2' 'ENSG00000198886.2' 'ENSG00000210082.2'
 'ENSG00000198938.2' 'ENSG00000198727.2' 'ENSG00000198712.1'
 'ENSG00000198899.2' 'ENSG00000198763.3' 'ENSG00000198888.2'
 'ENSG00000198786.2']
gene proportions
[0.15925799 0.13300406 0.10060353 0.07918169 0.06986441 0.06614601
 0.06011808 0.05600837 0.05534503 0.03034355]


###-----------------------------###

TOPIC 5 TOP GENES:

proportion of top 10 genes: 0.360889820151299
gene names

['ENSG00000204983.8' 'ENSG00000091704.5' 'ENSG00000175535.6'
 'ENSG00000169347.12' 'ENSG00000115386.5' 'ENSG00000153002.7'
 'ENSG00000170835.10' 'ENSG00000142789.15' 'ENSG00000137392.5'
 'ENSG00000168928.8']
gene proportions
[0.06265659 0.0590763  0.04265689 0.04076266 0.03701722 0.03335227
 0.02505514 0.02418921 0.02034109 0.01578245]


###-----------------------------###

TOPIC 2 TOP GENES:

proportion of top 10 genes: 0.2526841899582298
gene names

['ENSG00000244734.2' 'ENSG00000188536.8' 'ENSG00000163220.10'
 'ENSG00000223609.3' 'ENSG00000119535.13' 'ENSG00000087086.9'
 'ENSG00000075624.9' 'ENSG00000206172.4' 'ENSG00000234745.5'
 'ENSG00000204525.10']
gene proportions
[0.14831584 0.03496052 0.01543952 0.01195204 0.0080875  0.00779435
 0.00770111 0.00669783 0.0062371  0.00549838]


###-----------------------------###

TOPIC 11 TOP GENES:

proportion of top 10 genes: 0.22831968735310998
gene names

['ENSG00000096088.12' 'ENSG00000182333.10' 'ENSG00000198886.2'
 'ENSG00000198804.2' 'ENSG00000229859.4' 'ENSG00000198727.2'
 'ENSG00000198763.3' 'ENSG00000169605.5' 'ENSG00000198712.1'
 'ENSG00000198899.2']
gene proportions
[0.092935   0.05672443 0.01782505 0.01527991 0.01052258 0.0075931
 0.00742043 0.00708732 0.00657971 0.00635217]


###-----------------------------###

TOPIC 14 TOP GENES:

proportion of top 10 genes: 0.2023223993322441
gene names

['ENSG00000163631.12' 'ENSG00000197249.8' 'ENSG00000257017.4'
 'ENSG00000171560.10' 'ENSG00000198886.2' 'ENSG00000171564.7'
 'ENSG00000171557.12' 'ENSG00000132693.8' 'ENSG00000198804.2'
 'ENSG00000173432.6']
gene proportions
[0.0499247  0.02862211 0.0212019  0.020491   0.02030641 0.01453271
 0.01307079 0.01242686 0.01149202 0.01025389]


###-----------------------------###

TOPIC 6 TOP GENES:

proportion of top 10 genes: 0.17190410720145055
gene names

['ENSG00000143632.10' 'ENSG00000104879.4' 'ENSG00000155657.19'
 'ENSG00000198804.2' 'ENSG00000092054.12' 'ENSG00000175084.7'
 'ENSG00000198886.2' 'ENSG00000183091.15' 'ENSG00000196091.8'
 'ENSG00000198125.8']
gene proportions
[0.0309726  0.02367175 0.02034006 0.02030527 0.01477668 0.0145311
 0.01365623 0.01277726 0.01055579 0.01031738]


###-----------------------------###

TOPIC 8 TOP GENES:

proportion of top 10 genes: 0.14985891665167572
gene names

['ENSG00000171401.10' 'ENSG00000170477.8' 'ENSG00000205420.6'
 'ENSG00000186081.7' 'ENSG00000163209.10' 'ENSG00000163220.10'
 'ENSG00000135046.9' 'ENSG00000143536.7' 'ENSG00000143546.5'
 'ENSG00000140519.8']
gene proportions
[0.03826838 0.03059642 0.01292403 0.01241585 0.01167464 0.01128388
 0.00900469 0.00842024 0.0077986  0.00747218]


###-----------------------------###

TOPIC 18 TOP GENES:

proportion of top 10 genes: 0.1424840467767707
gene names

['ENSG00000198804.2' 'ENSG00000092054.12' 'ENSG00000197616.7'
 'ENSG00000175084.7' 'ENSG00000159251.6' 'ENSG00000175206.6'
 'ENSG00000198125.8' 'ENSG00000140416.15' 'ENSG00000118194.14'
 'ENSG00000198886.2']
gene proportions
[0.02115548 0.01989594 0.01827191 0.01696061 0.01430351 0.01403823
 0.01086135 0.00932111 0.00900418 0.00867172]


###-----------------------------###

TOPIC 4 TOP GENES:

proportion of top 10 genes: 0.12969454264504393
gene names

['ENSG00000115414.14' 'ENSG00000108821.9' 'ENSG00000164692.13'
 'ENSG00000156508.13' 'ENSG00000163359.11' 'ENSG00000168542.8'
 'ENSG00000075624.9' 'ENSG00000137801.9' 'ENSG00000087086.9'
 'ENSG00000198804.2']
gene proportions
[0.06459601 0.01195617 0.01072581 0.01003174 0.00636624 0.00587001
 0.00572506 0.00543918 0.00482563 0.0041587 ]


###-----------------------------###

TOPIC 12 TOP GENES:

proportion of top 10 genes: 0.12618050278647486
gene names

['ENSG00000210082.2' 'ENSG00000197971.10' 'ENSG00000131095.7'
 'ENSG00000211459.2' 'ENSG00000198763.3' 'ENSG00000198712.1'
 'ENSG00000123560.9' 'ENSG00000120885.15' 'ENSG00000180354.11'
 'ENSG00000198899.2']
gene proportions
[0.04750004 0.02089469 0.01295257 0.01276756 0.00741716 0.00692461
 0.00627743 0.00474955 0.0034285  0.00326838]


###-----------------------------###

TOPIC 9 TOP GENES:

proportion of top 10 genes: 0.11686200200489852
gene names

['ENSG00000133392.12' 'ENSG00000196924.10' 'ENSG00000175084.7'
 'ENSG00000075624.9' 'ENSG00000163017.9' 'ENSG00000198886.2'
 'ENSG00000198467.9' 'ENSG00000149591.12' 'ENSG00000156508.13'
 'ENSG00000159176.9']
gene proportions
[0.02493627 0.01931362 0.01668512 0.01295445 0.01037829 0.00802716
 0.00696949 0.00628249 0.00615013 0.00516496]


###-----------------------------###

TOPIC 19 TOP GENES:

proportion of top 10 genes: 0.11088290104862181
gene names

['ENSG00000198804.2' 'ENSG00000171195.6' 'ENSG00000198886.2'
 'ENSG00000198712.1' 'ENSG00000198938.2' 'ENSG00000211895.3'
 'ENSG00000162078.7' 'ENSG00000198727.2' 'ENSG00000198899.2'
 'ENSG00000211890.3']
gene proportions
[0.02089282 0.01598905 0.01551426 0.01079712 0.00969044 0.00904409
 0.00820813 0.00763879 0.00672326 0.00638495]


###-----------------------------###

TOPIC 10 TOP GENES:

proportion of top 10 genes: 0.10381955424896933
gene names

['ENSG00000186395.6' 'ENSG00000167768.4' 'ENSG00000198804.2'
 'ENSG00000186081.7' 'ENSG00000186847.5' 'ENSG00000172867.3'
 'ENSG00000096696.9' 'ENSG00000198938.2' 'ENSG00000156508.13'
 'ENSG00000198886.2']
gene proportions
[0.02569167 0.01973541 0.01015236 0.00891072 0.00750483 0.007319
 0.00644491 0.00640127 0.00628393 0.00537546]


###-----------------------------###

TOPIC 17 TOP GENES:

proportion of top 10 genes: 0.07947169493131058
gene names

['ENSG00000042832.7' 'ENSG00000245532.4' 'ENSG00000211445.7'
 'ENSG00000198886.2' 'ENSG00000156508.13' 'ENSG00000198938.2'
 'ENSG00000115705.16' 'ENSG00000164733.16' 'ENSG00000087460.19'
 'ENSG00000198727.2']
gene proportions
[0.03279012 0.00872982 0.00660267 0.00613211 0.00542319 0.00520977
 0.00447565 0.00366256 0.00327888 0.00316694]


###-----------------------------###

TOPIC 3 TOP GENES:

proportion of top 10 genes: 0.07611118780140277
gene names

['ENSG00000196924.10' 'ENSG00000075624.9' 'ENSG00000115414.14'
 'ENSG00000149591.12' 'ENSG00000107796.8' 'ENSG00000182492.11'
 'ENSG00000133392.12' 'ENSG00000111341.5' 'ENSG00000198467.9'
 'ENSG00000143248.8']
gene proportions
[0.01452168 0.01013391 0.00874139 0.00762619 0.00677714 0.00662287
 0.00656693 0.00508768 0.00503015 0.00500325]


###-----------------------------###

TOPIC 13 TOP GENES:

proportion of top 10 genes: 0.07444728411899808
gene names

['ENSG00000172179.7' 'ENSG00000115138.6' 'ENSG00000259384.2'
 'ENSG00000198886.2' 'ENSG00000198727.2' 'ENSG00000198938.2'
 'ENSG00000198899.2' 'ENSG00000214548.10' 'ENSG00000198712.1'
 'ENSG00000198763.3']
gene proportions
[0.01756382 0.01202447 0.00967042 0.00727797 0.00523236 0.00499849
 0.0046832  0.00440254 0.00432645 0.00426757]


###-----------------------------###

TOPIC 20 TOP GENES:

proportion of top 10 genes: 0.0640638952044118
gene names

['ENSG00000198886.2' 'ENSG00000198763.3' 'ENSG00000211445.7'
 'ENSG00000198888.2' 'ENSG00000198727.2' 'ENSG00000156508.13'
 'ENSG00000198899.2' 'ENSG00000087086.9' 'ENSG00000198938.2'
 'ENSG00000135821.12']
gene proportions
[0.00964815 0.00808666 0.00735062 0.0066786  0.00645018 0.00612426
 0.00514491 0.00508856 0.00500019 0.00449176]


###-----------------------------###

TOPIC 16 TOP GENES:

proportion of top 10 genes: 0.06102474109108891
gene names

['ENSG00000156508.13' 'ENSG00000075624.9' 'ENSG00000166710.13'
 'ENSG00000019582.10' 'ENSG00000198804.2' 'ENSG00000205542.6'
 'ENSG00000211896.2' 'ENSG00000211895.3' 'ENSG00000234745.5'
 'ENSG00000211899.3']
gene proportions
[0.01009591 0.00943821 0.00647702 0.0063747  0.00568495 0.00522019
 0.00514541 0.00451736 0.00405566 0.00401533]


###-----------------------------###

TOPIC 15 TOP GENES:

proportion of top 10 genes: 0.06052219588337228
gene names

['ENSG00000168878.12' 'ENSG00000168484.8' 'ENSG00000148795.5'
 'ENSG00000185303.11' 'ENSG00000198886.2' 'ENSG00000160882.7'
 'ENSG00000122852.10' 'ENSG00000122304.6' 'ENSG00000198938.2'
 'ENSG00000198888.2']
gene proportions
[0.01133182 0.0070776  0.00684141 0.00641556 0.0061058  0.00574512
 0.00520716 0.00471522 0.00362692 0.00345559]


###-----------------------------###

TOPIC 7 TOP GENES:

proportion of top 10 genes: 0.0432393245214468
gene names

['ENSG00000156508.13' 'ENSG00000198886.2' 'ENSG00000124942.9'
 'ENSG00000245532.4' 'ENSG00000189058.4' 'ENSG00000198763.3'
 'ENSG00000011465.12' 'ENSG00000198727.2' 'ENSG00000198938.2'
 'ENSG00000115461.4']
gene proportions
[0.00704265 0.00542687 0.00450616 0.00436097 0.00418343 0.00415283
 0.00360078 0.00347125 0.00332241 0.00317197]


3.6.8 |Anaconda, Inc.| (default, Dec 29 2018, 19:04:46) 
[GCC 4.2.1 Compatible Clang 4.0.1 (tags/RELEASE_401/final)]
numpy 1.14.2
