Loading factors and loadings.

Loaded 55863 x 20 factors matrix, and 11688 x 20 loadings matrix
summary of elements in topic matrix (normalized)

average proportion 1.7900936218970023e-05
median proportion  1.7902757242330004e-06
max proportion     0.17273819871748175
###-----------------------------###

TOPIC 5 TOP GENES:

proportion of top 10 genes: 0.5093022855166259
gene names

['ENSG00000204983.8' 'ENSG00000091704.5' 'ENSG00000175535.6'
 'ENSG00000169347.12' 'ENSG00000153002.7' 'ENSG00000115386.5'
 'ENSG00000170835.10' 'ENSG00000142789.15' 'ENSG00000137392.5'
 'ENSG00000168928.8']
gene proportions
[0.09266061 0.08505553 0.06804772 0.05360613 0.04812886 0.04149229
 0.0353088  0.03384868 0.0300278  0.02112585]


###-----------------------------###

TOPIC 16 TOP GENES:

proportion of top 10 genes: 0.42178700133323105
gene names

['ENSG00000171195.6' 'ENSG00000162078.7' 'ENSG00000090382.2'
 'ENSG00000117983.13' 'ENSG00000133392.12' 'ENSG00000186395.6'
 'ENSG00000159763.3' 'ENSG00000175084.7' 'ENSG00000167768.4'
 'ENSG00000211895.3']
gene proportions
[0.1727382  0.09252518 0.03830485 0.02094538 0.01966398 0.01915377
 0.01726947 0.01478462 0.0143179  0.01208364]


###-----------------------------###

TOPIC 6 TOP GENES:

proportion of top 10 genes: 0.34455879324432476
gene names

['ENSG00000115414.14' 'ENSG00000143632.10' 'ENSG00000104879.4'
 'ENSG00000092054.12' 'ENSG00000155657.19' 'ENSG00000198804.2'
 'ENSG00000210082.2' 'ENSG00000183091.15' 'ENSG00000198125.8'
 'ENSG00000196091.8']
gene proportions
[0.0874317  0.05519778 0.0375564  0.03150169 0.03081065 0.02982062
 0.01987206 0.0183915  0.01833242 0.01564397]


###-----------------------------###

TOPIC 9 TOP GENES:

proportion of top 10 genes: 0.30445407205657526
gene names

['ENSG00000198804.2' 'ENSG00000133392.12' 'ENSG00000196924.10'
 'ENSG00000075624.9' 'ENSG00000175084.7' 'ENSG00000163017.9'
 'ENSG00000149591.12' 'ENSG00000210082.2' 'ENSG00000107796.8'
 'ENSG00000198467.9']
gene proportions
[0.07837923 0.05425008 0.04615228 0.02373089 0.02250239 0.01886726
 0.01873406 0.01455421 0.01399621 0.01328746]


###-----------------------------###

TOPIC 19 TOP GENES:

proportion of top 10 genes: 0.29758083109461164
gene names

['ENSG00000115386.5' 'ENSG00000172023.3' 'ENSG00000169347.12'
 'ENSG00000196136.12' 'ENSG00000172016.11' 'ENSG00000175084.7'
 'ENSG00000168928.8' 'ENSG00000197616.7' 'ENSG00000250606.4'
 'ENSG00000092054.12']
gene proportions
[0.10364932 0.05638091 0.04504585 0.01879999 0.01603651 0.01454421
 0.01156338 0.0113241  0.01053783 0.00969874]


###-----------------------------###

TOPIC 13 TOP GENES:

proportion of top 10 genes: 0.28545749706711576
gene names

['ENSG00000172179.7' 'ENSG00000197971.10' 'ENSG00000115138.6'
 'ENSG00000198804.2' 'ENSG00000259384.2' 'ENSG00000131095.7'
 'ENSG00000123560.9' 'ENSG00000087460.19' 'ENSG00000214548.10'
 'ENSG00000133392.12']
gene proportions
[0.09596948 0.04281306 0.03880338 0.03036585 0.03032514 0.01708285
 0.01130055 0.00739412 0.00610592 0.00529714]


###-----------------------------###

TOPIC 11 TOP GENES:

proportion of top 10 genes: 0.28446061642399617
gene names

['ENSG00000096088.12' 'ENSG00000182333.10' 'ENSG00000197971.10'
 'ENSG00000131095.7' 'ENSG00000229859.4' 'ENSG00000198804.2'
 'ENSG00000123560.9' 'ENSG00000143632.10' 'ENSG00000169605.5'
 'ENSG00000186395.6']
gene proportions
[0.11522094 0.06818043 0.0355352  0.0142341  0.01301744 0.01276424
 0.00925177 0.0056123  0.00559612 0.00504806]


###-----------------------------###

TOPIC 17 TOP GENES:

proportion of top 10 genes: 0.2707769597526446
gene names

['ENSG00000042832.7' 'ENSG00000133392.12' 'ENSG00000186395.6'
 'ENSG00000175084.7' 'ENSG00000115705.16' 'ENSG00000167768.4'
 'ENSG00000198886.2' 'ENSG00000115414.14' 'ENSG00000163017.9'
 'ENSG00000196924.10']
gene proportions
[0.11878965 0.02671604 0.02080872 0.02020571 0.01610462 0.01544339
 0.01448854 0.01421779 0.01286712 0.01113537]


###-----------------------------###

TOPIC 12 TOP GENES:

proportion of top 10 genes: 0.2698677327923577
gene names

['ENSG00000197971.10' 'ENSG00000131095.7' 'ENSG00000163631.12'
 'ENSG00000123560.9' 'ENSG00000197249.8' 'ENSG00000257017.4'
 'ENSG00000171560.10' 'ENSG00000198886.2' 'ENSG00000198804.2'
 'ENSG00000171564.7']
gene proportions
[0.10060184 0.03948121 0.02957463 0.02696687 0.01745415 0.01280869
 0.01261446 0.01195008 0.00927682 0.00913897]


###-----------------------------###

TOPIC 2 TOP GENES:

proportion of top 10 genes: 0.2519647599315542
gene names

['ENSG00000244734.2' 'ENSG00000188536.8' 'ENSG00000223609.3'
 'ENSG00000163220.10' 'ENSG00000206172.4' 'ENSG00000075624.9'
 'ENSG00000087086.9' 'ENSG00000119535.13' 'ENSG00000234745.5'
 'ENSG00000166710.13']
gene proportions
[0.16049747 0.03411424 0.01281355 0.01003227 0.00747426 0.00690081
 0.00652175 0.00474103 0.00463484 0.00423452]


###-----------------------------###

TOPIC 1 TOP GENES:

proportion of top 10 genes: 0.2255451739507692
gene names

['ENSG00000198804.2' 'ENSG00000198886.2' 'ENSG00000210082.2'
 'ENSG00000198938.2' 'ENSG00000198727.2' 'ENSG00000198712.1'
 'ENSG00000198899.2' 'ENSG00000198763.3' 'ENSG00000198888.2'
 'ENSG00000198786.2']
gene proportions
[0.04170411 0.03482475 0.03427516 0.02105714 0.01879041 0.01823271
 0.01661753 0.01632362 0.01507535 0.00864439]


###-----------------------------###

TOPIC 14 TOP GENES:

proportion of top 10 genes: 0.21515480246642377
gene names

['ENSG00000163631.12' 'ENSG00000197249.8' 'ENSG00000171560.10'
 'ENSG00000257017.4' 'ENSG00000172179.7' 'ENSG00000171564.7'
 'ENSG00000171557.12' 'ENSG00000186395.6' 'ENSG00000198804.2'
 'ENSG00000132693.8']
gene proportions
[0.04994019 0.03167503 0.02268065 0.02247914 0.01750405 0.01649106
 0.01461893 0.01397492 0.01317719 0.01261364]


###-----------------------------###

TOPIC 20 TOP GENES:

proportion of top 10 genes: 0.18666516636066727
gene names

['ENSG00000198763.3' 'ENSG00000198786.2' 'ENSG00000112096.12'
 'ENSG00000155657.19' 'ENSG00000198888.2' 'ENSG00000175084.7'
 'ENSG00000135821.12' 'ENSG00000183091.15' 'ENSG00000004799.7'
 'ENSG00000198695.2']
gene proportions
[0.02911571 0.02457219 0.02449597 0.02084747 0.02080448 0.01670709
 0.01667387 0.01198984 0.01108035 0.0103782 ]


###-----------------------------###

TOPIC 18 TOP GENES:

proportion of top 10 genes: 0.17029090088884807
gene names

['ENSG00000197616.7' 'ENSG00000175206.6' 'ENSG00000159251.6'
 'ENSG00000092054.12' 'ENSG00000118194.14' 'ENSG00000106631.4'
 'ENSG00000175084.7' 'ENSG00000140416.15' 'ENSG00000198125.8'
 'ENSG00000198786.2']
gene proportions
[0.03180751 0.02612043 0.02333119 0.02125679 0.01325487 0.01135107
 0.01132371 0.0109733  0.01081618 0.01005584]


###-----------------------------###

TOPIC 10 TOP GENES:

proportion of top 10 genes: 0.12801595333180246
gene names

['ENSG00000186395.6' 'ENSG00000167768.4' 'ENSG00000197971.10'
 'ENSG00000198804.2' 'ENSG00000172867.3' 'ENSG00000186847.5'
 'ENSG00000131095.7' 'ENSG00000156508.13' 'ENSG00000096696.9'
 'ENSG00000161249.16']
gene proportions
[0.0336486  0.02496257 0.01587958 0.01231171 0.01034037 0.00829003
 0.00656785 0.00606528 0.00547321 0.00447675]


###-----------------------------###

TOPIC 8 TOP GENES:

proportion of top 10 genes: 0.12561683097446025
gene names

['ENSG00000171401.10' 'ENSG00000170477.8' 'ENSG00000186395.6'
 'ENSG00000186081.7' 'ENSG00000167768.4' 'ENSG00000163209.10'
 'ENSG00000163220.10' 'ENSG00000205420.6' 'ENSG00000135046.9'
 'ENSG00000143536.7']
gene proportions
[0.02790865 0.02462465 0.01270814 0.01209733 0.00979433 0.00871295
 0.0085599  0.00839189 0.006483   0.00633599]


###-----------------------------###

TOPIC 4 TOP GENES:

proportion of top 10 genes: 0.10904224723402205
gene names

['ENSG00000115414.14' 'ENSG00000210082.2' 'ENSG00000156508.13'
 'ENSG00000075624.9' 'ENSG00000196924.10' 'ENSG00000197971.10'
 'ENSG00000164692.13' 'ENSG00000108821.9' 'ENSG00000133392.12'
 'ENSG00000211459.2']
gene proportions
[0.0375993  0.02074704 0.00881579 0.00751595 0.00720387 0.00664841
 0.00540009 0.0053841  0.00499249 0.00473519]


###-----------------------------###

TOPIC 7 TOP GENES:

proportion of top 10 genes: 0.10480877010527662
gene names

['ENSG00000143632.10' 'ENSG00000210082.2' 'ENSG00000175084.7'
 'ENSG00000133392.12' 'ENSG00000104879.4' 'ENSG00000196924.10'
 'ENSG00000155657.19' 'ENSG00000198467.9' 'ENSG00000197971.10'
 'ENSG00000075624.9']
gene proportions
[0.01591612 0.01357051 0.01209223 0.01138259 0.01092153 0.01043218
 0.00874505 0.00763273 0.00728604 0.00682979]


###-----------------------------###

TOPIC 15 TOP GENES:

proportion of top 10 genes: 0.06686747282186653
gene names

['ENSG00000042832.7' 'ENSG00000171195.6' 'ENSG00000198804.2'
 'ENSG00000162078.7' 'ENSG00000211445.7' 'ENSG00000156508.13'
 'ENSG00000245532.4' 'ENSG00000087086.9' 'ENSG00000210082.2'
 'ENSG00000166710.13']
gene proportions
[0.01572798 0.01131164 0.00669186 0.00598914 0.00520257 0.00517682
 0.00506789 0.00428454 0.00405704 0.00335799]


###-----------------------------###

TOPIC 3 TOP GENES:

proportion of top 10 genes: 0.0601884595790487
gene names

['ENSG00000115414.14' 'ENSG00000156508.13' 'ENSG00000196924.10'
 'ENSG00000198886.2' 'ENSG00000075624.9' 'ENSG00000133392.12'
 'ENSG00000175084.7' 'ENSG00000198804.2' 'ENSG00000143632.10'
 'ENSG00000198727.2']
gene proportions
[0.01288763 0.00629807 0.00617206 0.0058331  0.00571616 0.00525712
 0.00503232 0.00487034 0.0041289  0.00399276]


3.6.8 |Anaconda, Inc.| (default, Dec 29 2018, 19:04:46) 
[GCC 4.2.1 Compatible Clang 4.0.1 (tags/RELEASE_401/final)]
numpy 1.14.2
